[ 2018-06-17T16:45:54+08:00 ] 127.0.0.1 /Api/AdminApi/getAdminInfo?adminID=1&keys=abc123
INFO: [ app_begin ] --START--
INFO: Run Behavior\ReadHtmlCacheBehavior [ RunTime:0.000871s ]
INFO: [ app_begin ] --END-- [ RunTime:0.001487s ]
NOTIC: [8] Undefined index: is_page D:\1workspace\php\www\rycs\sp.runyinchuangshi.com\Application\Api\Model\MyDataModel.class.php 第 28 行.
NOTIC: [8] Undefined index: orderType D:\1workspace\php\www\rycs\sp.runyinchuangshi.com\Application\Api\Model\MyDataModel.class.php 第 36 行.
NOTIC: [8] Undefined index: startTime D:\1workspace\php\www\rycs\sp.runyinchuangshi.com\Application\Api\Model\AdminModel.class.php 第 29 行.
NOTIC: [8] Undefined index: name D:\1workspace\php\www\rycs\sp.runyinchuangshi.com\Application\Api\Model\AdminModel.class.php 第 35 行.
NOTIC: [8] Undefined index: id D:\1workspace\php\www\rycs\sp.runyinchuangshi.com\Application\Api\Model\MyDataModel.class.php 第 74 行.
NOTIC: [8] Undefined variable: msg D:\1workspace\php\www\rycs\sp.runyinchuangshi.com\Application\Api\Model\ParamModel.class.php 第 57 行.
NOTIC: [8] Undefined index: code D:\1workspace\php\www\rycs\sp.runyinchuangshi.com\Application\Api\Model\MyDataModel.class.php 第 80 行.
ERR: 1033:Incorrect information in file: '.\ryshop\shop_admin.frm'
 [ SQL语句 ] : SHOW COLUMNS FROM `shop_admin`
ERR: 1033:Incorrect information in file: '.\ryshop\shop_admin.frm'
 [ SQL语句 ] : SHOW COLUMNS FROM `shop_admin`

[ 2018-06-17T16:46:11+08:00 ] 127.0.0.1 /Api/AdminApi/getAdminInfo?adminID=1&keys=abc123
INFO: [ app_begin ] --START--
INFO: Run Behavior\ReadHtmlCacheBehavior [ RunTime:0.001289s ]
INFO: [ app_begin ] --END-- [ RunTime:0.002218s ]
NOTIC: [8] Undefined index: is_page D:\1workspace\php\www\rycs\sp.runyinchuangshi.com\Application\Api\Model\MyDataModel.class.php 第 28 行.
NOTIC: [8] Undefined index: orderType D:\1workspace\php\www\rycs\sp.runyinchuangshi.com\Application\Api\Model\MyDataModel.class.php 第 36 行.
NOTIC: [8] Undefined index: startTime D:\1workspace\php\www\rycs\sp.runyinchuangshi.com\Application\Api\Model\AdminModel.class.php 第 29 行.
NOTIC: [8] Undefined index: name D:\1workspace\php\www\rycs\sp.runyinchuangshi.com\Application\Api\Model\AdminModel.class.php 第 35 行.
NOTIC: [8] Undefined index: id D:\1workspace\php\www\rycs\sp.runyinchuangshi.com\Application\Api\Model\MyDataModel.class.php 第 74 行.
NOTIC: [8] Undefined variable: msg D:\1workspace\php\www\rycs\sp.runyinchuangshi.com\Application\Api\Model\ParamModel.class.php 第 57 行.
NOTIC: [8] Undefined index: code D:\1workspace\php\www\rycs\sp.runyinchuangshi.com\Application\Api\Model\MyDataModel.class.php 第 80 行.
ERR: 1033:Incorrect information in file: '.\ryshop\shop_admin.frm'
 [ SQL语句 ] : SHOW COLUMNS FROM `shop_admin`
ERR: 1033:Incorrect information in file: '.\ryshop\shop_admin.frm'
 [ SQL语句 ] : SHOW COLUMNS FROM `shop_admin`

[ 2018-06-17T16:46:52+08:00 ] 127.0.0.1 /Api/AdminApi/getAdminInfo?adminID=1&keys=abc123
INFO: [ app_begin ] --START--
INFO: Run Behavior\ReadHtmlCacheBehavior [ RunTime:0.001317s ]
INFO: [ app_begin ] --END-- [ RunTime:0.002211s ]
NOTIC: [8] Undefined index: is_page D:\1workspace\php\www\rycs\sp.runyinchuangshi.com\Application\Api\Model\MyDataModel.class.php 第 28 行.
NOTIC: [8] Undefined index: orderType D:\1workspace\php\www\rycs\sp.runyinchuangshi.com\Application\Api\Model\MyDataModel.class.php 第 36 行.
NOTIC: [8] Undefined index: startTime D:\1workspace\php\www\rycs\sp.runyinchuangshi.com\Application\Api\Model\AdminModel.class.php 第 29 行.
NOTIC: [8] Undefined index: name D:\1workspace\php\www\rycs\sp.runyinchuangshi.com\Application\Api\Model\AdminModel.class.php 第 35 行.
NOTIC: [8] Undefined index: id D:\1workspace\php\www\rycs\sp.runyinchuangshi.com\Application\Api\Model\MyDataModel.class.php 第 74 行.
NOTIC: [8] Undefined variable: msg D:\1workspace\php\www\rycs\sp.runyinchuangshi.com\Application\Api\Model\ParamModel.class.php 第 57 行.
NOTIC: [8] Undefined index: code D:\1workspace\php\www\rycs\sp.runyinchuangshi.com\Application\Api\Model\MyDataModel.class.php 第 80 行.
ERR: 1033:Incorrect information in file: '.\ryshop\shop_admin.frm'
 [ SQL语句 ] : SHOW COLUMNS FROM `shop_admin`
ERR: 1033:Incorrect information in file: '.\ryshop\shop_admin.frm'
 [ SQL语句 ] : SHOW COLUMNS FROM `shop_admin`

[ 2018-06-17T16:46:56+08:00 ] 127.0.0.1 /Api/AdminApi/getAdminInfo?adminID=1&keys=abc123
INFO: [ app_begin ] --START--
INFO: Run Behavior\ReadHtmlCacheBehavior [ RunTime:0.001140s ]
INFO: [ app_begin ] --END-- [ RunTime:0.002935s ]
NOTIC: [8] Undefined index: is_page D:\1workspace\php\www\rycs\sp.runyinchuangshi.com\Application\Api\Model\MyDataModel.class.php 第 28 行.
NOTIC: [8] Undefined index: orderType D:\1workspace\php\www\rycs\sp.runyinchuangshi.com\Application\Api\Model\MyDataModel.class.php 第 36 行.
NOTIC: [8] Undefined index: startTime D:\1workspace\php\www\rycs\sp.runyinchuangshi.com\Application\Api\Model\AdminModel.class.php 第 29 行.
NOTIC: [8] Undefined index: name D:\1workspace\php\www\rycs\sp.runyinchuangshi.com\Application\Api\Model\AdminModel.class.php 第 35 行.
NOTIC: [8] Undefined index: id D:\1workspace\php\www\rycs\sp.runyinchuangshi.com\Application\Api\Model\MyDataModel.class.php 第 74 行.
NOTIC: [8] Undefined variable: msg D:\1workspace\php\www\rycs\sp.runyinchuangshi.com\Application\Api\Model\ParamModel.class.php 第 57 行.
NOTIC: [8] Undefined index: code D:\1workspace\php\www\rycs\sp.runyinchuangshi.com\Application\Api\Model\MyDataModel.class.php 第 80 行.
ERR: 1033:Incorrect information in file: '.\ryshop\shop_admin.frm'
 [ SQL语句 ] : SHOW COLUMNS FROM `shop_admin`
ERR: 1033:Incorrect information in file: '.\ryshop\shop_admin.frm'
 [ SQL语句 ] : SHOW COLUMNS FROM `shop_admin`

[ 2018-06-17T16:56:19+08:00 ] 127.0.0.1 /Api/AdminApi/getAdminInfo?adminID=1&keys=abc123
INFO: [ app_begin ] --START--
INFO: Run Behavior\ReadHtmlCacheBehavior [ RunTime:0.003207s ]
INFO: [ app_begin ] --END-- [ RunTime:0.004213s ]
NOTIC: [8] Undefined index: is_page D:\1workspace\php\www\rycs\sp.runyinchuangshi.com\Application\Api\Model\MyDataModel.class.php 第 28 行.
NOTIC: [8] Undefined index: orderType D:\1workspace\php\www\rycs\sp.runyinchuangshi.com\Application\Api\Model\MyDataModel.class.php 第 36 行.
NOTIC: [8] Undefined index: startTime D:\1workspace\php\www\rycs\sp.runyinchuangshi.com\Application\Api\Model\AdminModel.class.php 第 29 行.
NOTIC: [8] Undefined index: name D:\1workspace\php\www\rycs\sp.runyinchuangshi.com\Application\Api\Model\AdminModel.class.php 第 35 行.
NOTIC: [8] Undefined index: id D:\1workspace\php\www\rycs\sp.runyinchuangshi.com\Application\Api\Model\MyDataModel.class.php 第 74 行.
NOTIC: [8] Undefined variable: msg D:\1workspace\php\www\rycs\sp.runyinchuangshi.com\Application\Api\Model\ParamModel.class.php 第 57 行.
NOTIC: [8] Undefined index: code D:\1workspace\php\www\rycs\sp.runyinchuangshi.com\Application\Api\Model\MyDataModel.class.php 第 80 行.
ERR: 1033:Incorrect information in file: '.\ryshop\shop_admin.frm'
 [ SQL语句 ] : SHOW COLUMNS FROM `shop_admin`
ERR: 1033:Incorrect information in file: '.\ryshop\shop_admin.frm'
 [ SQL语句 ] : SHOW COLUMNS FROM `shop_admin`

[ 2018-06-17T17:00:16+08:00 ] 127.0.0.1 /Api/AdminApi/getAdminInfo?adminID=1&keys=abc123
INFO: [ app_begin ] --START--
INFO: Run Behavior\ReadHtmlCacheBehavior [ RunTime:0.000940s ]
INFO: [ app_begin ] --END-- [ RunTime:0.001618s ]
NOTIC: [8] Undefined index: is_page D:\1workspace\php\www\rycs\sp.runyinchuangshi.com\Application\Api\Model\MyDataModel.class.php 第 28 行.
NOTIC: [8] Undefined index: orderType D:\1workspace\php\www\rycs\sp.runyinchuangshi.com\Application\Api\Model\MyDataModel.class.php 第 36 行.
NOTIC: [8] Undefined index: startTime D:\1workspace\php\www\rycs\sp.runyinchuangshi.com\Application\Api\Model\AdminModel.class.php 第 29 行.
NOTIC: [8] Undefined index: name D:\1workspace\php\www\rycs\sp.runyinchuangshi.com\Application\Api\Model\AdminModel.class.php 第 35 行.
NOTIC: [8] Undefined index: id D:\1workspace\php\www\rycs\sp.runyinchuangshi.com\Application\Api\Model\MyDataModel.class.php 第 74 行.
NOTIC: [8] Undefined variable: msg D:\1workspace\php\www\rycs\sp.runyinchuangshi.com\Application\Api\Model\ParamModel.class.php 第 57 行.
NOTIC: [8] Undefined index: code D:\1workspace\php\www\rycs\sp.runyinchuangshi.com\Application\Api\Model\MyDataModel.class.php 第 80 行.
ERR: 1033:Incorrect information in file: '.\ryshop\shop_admin.frm'
 [ SQL语句 ] : SHOW COLUMNS FROM `shop_admin`
ERR: 1033:Incorrect information in file: '.\ryshop\shop_admin.frm'
 [ SQL语句 ] : SHOW COLUMNS FROM `shop_admin`

[ 2018-06-17T19:44:11+08:00 ] 127.0.0.1 /Api/AdminApi/getAdminInfo?adminID=1&keys=abc123
INFO: [ app_begin ] --START--
INFO: Run Behavior\ReadHtmlCacheBehavior [ RunTime:0.008059s ]
INFO: [ app_begin ] --END-- [ RunTime:0.011753s ]
NOTIC: [8] Undefined index: is_page /media/jmx/Workspace/1workspace/php/www/rycs/sp.runyinchuangshi.com/Application/Api/Model/MyDataModel.class.php 第 28 行.
NOTIC: [8] Undefined index: orderType /media/jmx/Workspace/1workspace/php/www/rycs/sp.runyinchuangshi.com/Application/Api/Model/MyDataModel.class.php 第 36 行.
NOTIC: [8] Undefined index: startTime /media/jmx/Workspace/1workspace/php/www/rycs/sp.runyinchuangshi.com/Application/Api/Model/AdminModel.class.php 第 29 行.
NOTIC: [8] Undefined index: name /media/jmx/Workspace/1workspace/php/www/rycs/sp.runyinchuangshi.com/Application/Api/Model/AdminModel.class.php 第 35 行.
NOTIC: [8] Undefined index: id /media/jmx/Workspace/1workspace/php/www/rycs/sp.runyinchuangshi.com/Application/Api/Model/MyDataModel.class.php 第 74 行.
NOTIC: [8] Undefined variable: msg /media/jmx/Workspace/1workspace/php/www/rycs/sp.runyinchuangshi.com/Application/Api/Model/ParamModel.class.php 第 57 行.
NOTIC: [8] Undefined index: code /media/jmx/Workspace/1workspace/php/www/rycs/sp.runyinchuangshi.com/Application/Api/Model/MyDataModel.class.php 第 80 行.
SQL: SHOW COLUMNS FROM `shop_admin` [ RunTime:0.0328s ]
NOTIC: [8] Undefined index: id /media/jmx/Workspace/1workspace/php/www/rycs/sp.runyinchuangshi.com/Application/Api/Model/MyDataModel.class.php 第 87 行.
SQL: SELECT * FROM `shop_admin` ORDER BY id desc  [ RunTime:0.0004s ]
NOTIC: [8] Undefined variable: _code /media/jmx/Workspace/1workspace/php/www/rycs/sp.runyinchuangshi.com/Application/Api/Model/ParamModel.class.php 第 152 行.
NOTIC: [8] Undefined variable: msg /media/jmx/Workspace/1workspace/php/www/rycs/sp.runyinchuangshi.com/Application/Api/Model/ParamModel.class.php 第 57 行.
NOTIC: [8] Undefined index: code /media/jmx/Workspace/1workspace/php/www/rycs/sp.runyinchuangshi.com/Application/Api/Model/MyDataModel.class.php 第 80 行.
SQL: SHOW COLUMNS FROM `shop_roles` [ RunTime:0.0358s ]
SQL: SELECT * FROM `shop_roles` WHERE `id` = 1 ORDER BY id desc LIMIT 1   [ RunTime:0.0007s ]
NOTIC: [8] Undefined variable: _code /media/jmx/Workspace/1workspace/php/www/rycs/sp.runyinchuangshi.com/Application/Api/Model/ParamModel.class.php 第 152 行.

[ 2018-06-17T19:44:21+08:00 ] 127.0.0.1 /Api/AdminApi/getAdminInfo?adminID=1&keys=abc123
INFO: [ app_begin ] --START--
INFO: Run Behavior\ReadHtmlCacheBehavior [ RunTime:0.008837s ]
INFO: [ app_begin ] --END-- [ RunTime:0.013063s ]
NOTIC: [8] Undefined index: is_page /media/jmx/Workspace/1workspace/php/www/rycs/sp.runyinchuangshi.com/Application/Api/Model/MyDataModel.class.php 第 28 行.
NOTIC: [8] Undefined index: orderType /media/jmx/Workspace/1workspace/php/www/rycs/sp.runyinchuangshi.com/Application/Api/Model/MyDataModel.class.php 第 36 行.
NOTIC: [8] Undefined index: startTime /media/jmx/Workspace/1workspace/php/www/rycs/sp.runyinchuangshi.com/Application/Api/Model/AdminModel.class.php 第 29 行.
NOTIC: [8] Undefined index: name /media/jmx/Workspace/1workspace/php/www/rycs/sp.runyinchuangshi.com/Application/Api/Model/AdminModel.class.php 第 35 行.
NOTIC: [8] Undefined index: id /media/jmx/Workspace/1workspace/php/www/rycs/sp.runyinchuangshi.com/Application/Api/Model/MyDataModel.class.php 第 74 行.
NOTIC: [8] Undefined variable: msg /media/jmx/Workspace/1workspace/php/www/rycs/sp.runyinchuangshi.com/Application/Api/Model/ParamModel.class.php 第 57 行.
NOTIC: [8] Undefined index: code /media/jmx/Workspace/1workspace/php/www/rycs/sp.runyinchuangshi.com/Application/Api/Model/MyDataModel.class.php 第 80 行.
SQL: SHOW COLUMNS FROM `shop_admin` [ RunTime:0.0010s ]
NOTIC: [8] Undefined index: id /media/jmx/Workspace/1workspace/php/www/rycs/sp.runyinchuangshi.com/Application/Api/Model/MyDataModel.class.php 第 87 行.
SQL: SELECT * FROM `shop_admin` ORDER BY id desc  [ RunTime:0.0003s ]
NOTIC: [8] Undefined variable: _code /media/jmx/Workspace/1workspace/php/www/rycs/sp.runyinchuangshi.com/Application/Api/Model/ParamModel.class.php 第 152 行.
NOTIC: [8] Undefined variable: msg /media/jmx/Workspace/1workspace/php/www/rycs/sp.runyinchuangshi.com/Application/Api/Model/ParamModel.class.php 第 57 行.
NOTIC: [8] Undefined index: code /media/jmx/Workspace/1workspace/php/www/rycs/sp.runyinchuangshi.com/Application/Api/Model/MyDataModel.class.php 第 80 行.
SQL: SHOW COLUMNS FROM `shop_roles` [ RunTime:0.0016s ]
SQL: SELECT * FROM `shop_roles` WHERE `id` = 1 ORDER BY id desc LIMIT 1   [ RunTime:0.0003s ]
NOTIC: [8] Undefined variable: _code /media/jmx/Workspace/1workspace/php/www/rycs/sp.runyinchuangshi.com/Application/Api/Model/ParamModel.class.php 第 152 行.

[ 2018-06-17T19:44:24+08:00 ] 127.0.0.1 /Api/AdminApi/getAdminInfo?adminID=1&keys=abc123
INFO: [ app_begin ] --START--
INFO: Run Behavior\ReadHtmlCacheBehavior [ RunTime:0.009158s ]
INFO: [ app_begin ] --END-- [ RunTime:0.014573s ]
NOTIC: [8] Undefined index: is_page /media/jmx/Workspace/1workspace/php/www/rycs/sp.runyinchuangshi.com/Application/Api/Model/MyDataModel.class.php 第 28 行.
NOTIC: [8] Undefined index: orderType /media/jmx/Workspace/1workspace/php/www/rycs/sp.runyinchuangshi.com/Application/Api/Model/MyDataModel.class.php 第 36 行.
NOTIC: [8] Undefined index: startTime /media/jmx/Workspace/1workspace/php/www/rycs/sp.runyinchuangshi.com/Application/Api/Model/AdminModel.class.php 第 29 行.
NOTIC: [8] Undefined index: name /media/jmx/Workspace/1workspace/php/www/rycs/sp.runyinchuangshi.com/Application/Api/Model/AdminModel.class.php 第 35 行.
NOTIC: [8] Undefined index: id /media/jmx/Workspace/1workspace/php/www/rycs/sp.runyinchuangshi.com/Application/Api/Model/MyDataModel.class.php 第 74 行.
NOTIC: [8] Undefined variable: msg /media/jmx/Workspace/1workspace/php/www/rycs/sp.runyinchuangshi.com/Application/Api/Model/ParamModel.class.php 第 57 行.
NOTIC: [8] Undefined index: code /media/jmx/Workspace/1workspace/php/www/rycs/sp.runyinchuangshi.com/Application/Api/Model/MyDataModel.class.php 第 80 行.
SQL: SHOW COLUMNS FROM `shop_admin` [ RunTime:0.0009s ]
NOTIC: [8] Undefined index: id /media/jmx/Workspace/1workspace/php/www/rycs/sp.runyinchuangshi.com/Application/Api/Model/MyDataModel.class.php 第 87 行.
SQL: SELECT * FROM `shop_admin` ORDER BY id desc  [ RunTime:0.0007s ]
NOTIC: [8] Undefined variable: _code /media/jmx/Workspace/1workspace/php/www/rycs/sp.runyinchuangshi.com/Application/Api/Model/ParamModel.class.php 第 152 行.
NOTIC: [8] Undefined variable: msg /media/jmx/Workspace/1workspace/php/www/rycs/sp.runyinchuangshi.com/Application/Api/Model/ParamModel.class.php 第 57 行.
NOTIC: [8] Undefined index: code /media/jmx/Workspace/1workspace/php/www/rycs/sp.runyinchuangshi.com/Application/Api/Model/MyDataModel.class.php 第 80 行.
SQL: SHOW COLUMNS FROM `shop_roles` [ RunTime:0.0010s ]
SQL: SELECT * FROM `shop_roles` WHERE `id` = 1 ORDER BY id desc LIMIT 1   [ RunTime:0.0004s ]
NOTIC: [8] Undefined variable: _code /media/jmx/Workspace/1workspace/php/www/rycs/sp.runyinchuangshi.com/Application/Api/Model/ParamModel.class.php 第 152 行.

