[ 2018-06-19T14:32:44+08:00 ] 127.0.0.1 /Api/AdminApi/getwxAccount?adminID=1&keys=abc123
INFO: [ app_begin ] --START--
INFO: Run Behavior\ReadHtmlCacheBehavior [ RunTime:0.008133s ]
INFO: [ app_begin ] --END-- [ RunTime:0.011604s ]

[ 2018-06-19T14:33:34+08:00 ] 127.0.0.1 /Api/AdminApi/getwxAccount?adminID=1&keys=abc123
INFO: [ app_begin ] --START--
INFO: Run Behavior\ReadHtmlCacheBehavior [ RunTime:0.009300s ]
INFO: [ app_begin ] --END-- [ RunTime:0.014785s ]

[ 2018-06-19T14:34:25+08:00 ] 127.0.0.1 /Api/AdminApi/getwxAccount?adminID=1&keys=abc123
INFO: [ app_begin ] --START--
INFO: Run Behavior\ReadHtmlCacheBehavior [ RunTime:0.009008s ]
INFO: [ app_begin ] --END-- [ RunTime:0.012471s ]

[ 2018-06-19T14:35:17+08:00 ] 127.0.0.1 /Api/AdminApi/getwxAccount?adminID=1&keys=abc123
INFO: [ app_begin ] --START--
INFO: Run Behavior\ReadHtmlCacheBehavior [ RunTime:0.009012s ]
INFO: [ app_begin ] --END-- [ RunTime:0.013454s ]

[ 2018-06-19T14:35:51+08:00 ] 127.0.0.1 /Api/AdminApi/getwxAccount?adminID=1&keys=abc123
INFO: [ app_begin ] --START--
INFO: Run Behavior\ReadHtmlCacheBehavior [ RunTime:0.007758s ]
INFO: [ app_begin ] --END-- [ RunTime:0.010943s ]
ERR: SQLSTATE[HY000] [1045] Access denied for user 'wx'@'localhost' (using password: YES)

[ 2018-06-19T14:35:57+08:00 ] 127.0.0.1 /Api/AdminApi/getwxAccount?adminID=1&keys=abc123
INFO: [ app_begin ] --START--
INFO: Run Behavior\ReadHtmlCacheBehavior [ RunTime:0.007283s ]
INFO: [ app_begin ] --END-- [ RunTime:0.012410s ]
ERR: SQLSTATE[HY000] [1045] Access denied for user 'wx'@'localhost' (using password: YES)

[ 2018-06-19T14:36:12+08:00 ] 127.0.0.1 /Api/AdminApi/getwxAccount?adminID=1&keys=abc123
INFO: [ app_begin ] --START--
INFO: Run Behavior\ReadHtmlCacheBehavior [ RunTime:0.006841s ]
INFO: [ app_begin ] --END-- [ RunTime:0.010267s ]
INFO: [ app_end ] --START--
INFO: Run Behavior\ShowPageTraceBehavior [ RunTime:0.006847s ]
INFO: [ app_end ] --END-- [ RunTime:0.006932s ]

[ 2018-06-19T14:36:14+08:00 ] 127.0.0.1 /Api/AdminApi/getwxAccount?adminID=1&keys=abc123
INFO: [ app_begin ] --START--
INFO: Run Behavior\ReadHtmlCacheBehavior [ RunTime:0.009564s ]
INFO: [ app_begin ] --END-- [ RunTime:0.014507s ]
INFO: [ app_end ] --START--
INFO: Run Behavior\ShowPageTraceBehavior [ RunTime:0.008606s ]
INFO: [ app_end ] --END-- [ RunTime:0.008736s ]

[ 2018-06-19T14:36:29+08:00 ] 127.0.0.1 /Api/AdminApi/getwxAccount?adminID=1&keys=abc123
INFO: [ app_begin ] --START--
INFO: Run Behavior\ReadHtmlCacheBehavior [ RunTime:0.015148s ]
INFO: [ app_begin ] --END-- [ RunTime:0.019246s ]
ERR: SQLSTATE[HY000] [1045] Access denied for user 'wx'@'localhost' (using password: YES)

[ 2018-06-19T14:36:30+08:00 ] 127.0.0.1 /Api/AdminApi/getwxAccount?adminID=1&keys=abc123
INFO: [ app_begin ] --START--
INFO: Run Behavior\ReadHtmlCacheBehavior [ RunTime:0.006716s ]
INFO: [ app_begin ] --END-- [ RunTime:0.010754s ]
ERR: SQLSTATE[HY000] [1045] Access denied for user 'wx'@'localhost' (using password: YES)

[ 2018-06-19T14:37:34+08:00 ] 127.0.0.1 /Api/AdminApi/getwxAccount?adminID=1&keys=abc123
INFO: [ app_begin ] --START--
INFO: Run Behavior\ReadHtmlCacheBehavior [ RunTime:0.007591s ]
INFO: [ app_begin ] --END-- [ RunTime:0.011278s ]

[ 2018-06-19T14:37:36+08:00 ] 127.0.0.1 /Api/AdminApi/getwxAccount?adminID=1&keys=abc123
INFO: [ app_begin ] --START--
INFO: Run Behavior\ReadHtmlCacheBehavior [ RunTime:0.012960s ]
INFO: [ app_begin ] --END-- [ RunTime:0.019628s ]

[ 2018-06-19T14:38:38+08:00 ] 127.0.0.1 /Api/AdminApi/getwxAccount?adminID=1&keys=abc123
INFO: [ app_begin ] --START--
INFO: Run Behavior\ReadHtmlCacheBehavior [ RunTime:0.006877s ]
INFO: [ app_begin ] --END-- [ RunTime:0.010061s ]
SQL: SHOW COLUMNS FROM `wx_account` [ RunTime:0.0013s ]
SQL: SELECT * FROM `wx_account`  [ RunTime:0.0007s ]

[ 2018-06-19T14:39:18+08:00 ] 127.0.0.1 /Api/AdminApi/getwxAccount?adminID=1&keys=abc123
INFO: [ app_begin ] --START--
INFO: Run Behavior\ReadHtmlCacheBehavior [ RunTime:0.007328s ]
INFO: [ app_begin ] --END-- [ RunTime:0.011066s ]
SQL: SHOW COLUMNS FROM `wx_account` [ RunTime:0.0010s ]
SQL: SELECT * FROM `wx_account`  [ RunTime:0.0003s ]

[ 2018-06-19T14:40:50+08:00 ] 127.0.0.1 /Api/AdminApi/getwxAccount?adminID=1&keys=abc123
INFO: [ app_begin ] --START--
INFO: Run Behavior\ReadHtmlCacheBehavior [ RunTime:0.014170s ]
INFO: [ app_begin ] --END-- [ RunTime:0.019037s ]
SQL: SHOW COLUMNS FROM `wx_account` [ RunTime:0.0013s ]
SQL: SELECT * FROM `wx_account`  [ RunTime:0.0016s ]

[ 2018-06-19T14:41:05+08:00 ] 127.0.0.1 /Api/AdminApi/getwxAccount?adminID=1&keys=abc123
INFO: [ app_begin ] --START--
INFO: Run Behavior\ReadHtmlCacheBehavior [ RunTime:0.008561s ]
INFO: [ app_begin ] --END-- [ RunTime:0.012327s ]
SQL: SHOW COLUMNS FROM `wx_account` [ RunTime:0.0008s ]
SQL: SELECT * FROM `wx_account`  [ RunTime:0.0003s ]

[ 2018-06-19T14:41:28+08:00 ] 127.0.0.1 /Api/AdminApi/getwxAccount?adminID=1&keys=abc123
INFO: [ app_begin ] --START--
INFO: Run Behavior\ReadHtmlCacheBehavior [ RunTime:0.008128s ]
INFO: [ app_begin ] --END-- [ RunTime:0.011564s ]
SQL: SHOW COLUMNS FROM `wx_account` [ RunTime:0.0008s ]
SQL: SELECT * FROM `wx_account`  [ RunTime:0.0002s ]

[ 2018-06-19T14:42:13+08:00 ] 127.0.0.1 /Api/AdminApi/getwxAccount?adminID=1&keys=abc123
INFO: [ app_begin ] --START--
INFO: Run Behavior\ReadHtmlCacheBehavior [ RunTime:0.010764s ]
INFO: [ app_begin ] --END-- [ RunTime:0.014283s ]
SQL: SHOW COLUMNS FROM `wx_account` [ RunTime:0.0006s ]
SQL: SELECT * FROM `wx_account`  [ RunTime:0.0002s ]

[ 2018-06-19T14:42:54+08:00 ] 127.0.0.1 /Api/AdminApi/getwxAccount?adminID=1&keys=abc123
INFO: [ app_begin ] --START--
INFO: Run Behavior\ReadHtmlCacheBehavior [ RunTime:0.010404s ]
INFO: [ app_begin ] --END-- [ RunTime:0.014268s ]
SQL: SHOW COLUMNS FROM `wx_account` [ RunTime:0.0008s ]
SQL: SELECT * FROM `wx_account`  [ RunTime:0.0002s ]

[ 2018-06-19T14:43:08+08:00 ] 127.0.0.1 /Api/AdminApi/getwxAccount?adminID=1&keys=abc123
INFO: [ app_begin ] --START--
INFO: Run Behavior\ReadHtmlCacheBehavior [ RunTime:0.006330s ]
INFO: [ app_begin ] --END-- [ RunTime:0.009837s ]
SQL: SHOW COLUMNS FROM `wx_account` [ RunTime:0.0010s ]
SQL: SELECT * FROM `wx_account`  [ RunTime:0.0003s ]

[ 2018-06-19T14:43:09+08:00 ] 127.0.0.1 /Api/AdminApi/getwxAccount?adminID=1&keys=abc123
INFO: [ app_begin ] --START--
INFO: Run Behavior\ReadHtmlCacheBehavior [ RunTime:0.007020s ]
INFO: [ app_begin ] --END-- [ RunTime:0.011570s ]
SQL: SHOW COLUMNS FROM `wx_account` [ RunTime:0.0007s ]
SQL: SELECT * FROM `wx_account`  [ RunTime:0.0002s ]

[ 2018-06-19T14:44:02+08:00 ] 127.0.0.1 /Api/AdminApi/getwxAccount?adminID=1&keys=abc123
INFO: [ app_begin ] --START--
INFO: Run Behavior\ReadHtmlCacheBehavior [ RunTime:0.009857s ]
INFO: [ app_begin ] --END-- [ RunTime:0.013307s ]
SQL: SHOW COLUMNS FROM `wx_account` [ RunTime:0.0010s ]
SQL: SELECT * FROM `wx_account`  [ RunTime:0.0003s ]

[ 2018-06-19T14:45:03+08:00 ] 127.0.0.1 /Api/AdminApi/getwxAccount?adminID=1&keys=abc123
INFO: [ app_begin ] --START--
INFO: Run Behavior\ReadHtmlCacheBehavior [ RunTime:0.009952s ]
INFO: [ app_begin ] --END-- [ RunTime:0.015190s ]
SQL: SHOW COLUMNS FROM `wx_account` [ RunTime:0.0009s ]
SQL: SELECT * FROM `wx_account`  [ RunTime:0.0015s ]

[ 2018-06-19T14:45:28+08:00 ] 127.0.0.1 /Api/AdminApi/getwxAccount?adminID=1&keys=abc123
INFO: [ app_begin ] --START--
INFO: Run Behavior\ReadHtmlCacheBehavior [ RunTime:0.007104s ]
INFO: [ app_begin ] --END-- [ RunTime:0.010541s ]
SQL: SHOW COLUMNS FROM `wx_account` [ RunTime:0.0008s ]
SQL: SELECT * FROM `wx_account`  [ RunTime:0.0002s ]

[ 2018-06-19T14:45:29+08:00 ] 127.0.0.1 /Api/AdminApi/getwxAccount?adminID=1&keys=abc123
INFO: [ app_begin ] --START--
INFO: Run Behavior\ReadHtmlCacheBehavior [ RunTime:0.008285s ]
INFO: [ app_begin ] --END-- [ RunTime:0.011530s ]
SQL: SHOW COLUMNS FROM `wx_account` [ RunTime:0.0009s ]
SQL: SELECT * FROM `wx_account`  [ RunTime:0.0002s ]

[ 2018-06-19T14:45:38+08:00 ] 127.0.0.1 /Api/AdminApi/getwxAccount?adminID=1&keys=abc123
INFO: [ app_begin ] --START--
INFO: Run Behavior\ReadHtmlCacheBehavior [ RunTime:0.006780s ]
INFO: [ app_begin ] --END-- [ RunTime:0.010905s ]
SQL: SHOW COLUMNS FROM `wx_account` [ RunTime:0.0008s ]
SQL: SELECT * FROM `wx_account`  [ RunTime:0.0002s ]

[ 2018-06-19T14:48:48+08:00 ] 127.0.0.1 /Api/AdminApi/getwxAccount?adminID=1&keys=abc123
INFO: [ app_begin ] --START--
INFO: Run Behavior\ReadHtmlCacheBehavior [ RunTime:0.008101s ]
INFO: [ app_begin ] --END-- [ RunTime:0.012684s ]
SQL: SHOW COLUMNS FROM `wx_account` [ RunTime:0.0006s ]
SQL: SELECT * FROM `wx_account`  [ RunTime:0.0002s ]

[ 2018-06-19T14:49:08+08:00 ] 127.0.0.1 /Api/AdminApi/getwxAccount?adminID=1&keys=abc123
INFO: [ app_begin ] --START--
INFO: Run Behavior\ReadHtmlCacheBehavior [ RunTime:0.007849s ]
INFO: [ app_begin ] --END-- [ RunTime:0.010854s ]
SQL: SHOW COLUMNS FROM `wx_account` [ RunTime:0.0007s ]
SQL: SELECT * FROM `wx_account`  [ RunTime:0.0002s ]

[ 2018-06-19T14:49:22+08:00 ] 127.0.0.1 /Api/AdminApi/getwxAccount?adminID=1&keys=abc123
INFO: [ app_begin ] --START--
INFO: Run Behavior\ReadHtmlCacheBehavior [ RunTime:0.007484s ]
INFO: [ app_begin ] --END-- [ RunTime:0.011430s ]
SQL: SHOW COLUMNS FROM `wx_account` [ RunTime:0.0013s ]
SQL: SELECT * FROM `wx_account`  [ RunTime:0.0004s ]

[ 2018-06-19T14:50:13+08:00 ] 127.0.0.1 /Api/AdminApi/getwxAccount?adminID=1&keys=abc123
INFO: [ app_begin ] --START--
INFO: Run Behavior\ReadHtmlCacheBehavior [ RunTime:0.007519s ]
INFO: [ app_begin ] --END-- [ RunTime:0.010914s ]
SQL: SHOW COLUMNS FROM `wx_account` [ RunTime:0.0008s ]
SQL: SELECT * FROM `wx_account`  [ RunTime:0.0002s ]

[ 2018-06-19T14:50:55+08:00 ] 127.0.0.1 /Api/AdminApi/getwxAccount?adminID=1&keys=abc123
INFO: [ app_begin ] --START--
INFO: Run Behavior\ReadHtmlCacheBehavior [ RunTime:0.009533s ]
INFO: [ app_begin ] --END-- [ RunTime:0.012278s ]
SQL: SHOW COLUMNS FROM `wx_account` [ RunTime:0.0009s ]
SQL: SELECT * FROM `wx_account`  [ RunTime:0.0003s ]

[ 2018-06-19T14:51:00+08:00 ] 127.0.0.1 /Api/AdminApi/getwxAccount?adminID=1&keys=abc123
INFO: [ app_begin ] --START--
INFO: Run Behavior\ReadHtmlCacheBehavior [ RunTime:0.007413s ]
INFO: [ app_begin ] --END-- [ RunTime:0.011182s ]
SQL: SHOW COLUMNS FROM `wx_account` [ RunTime:0.0007s ]
SQL: SELECT * FROM `wx_account`  [ RunTime:0.0002s ]

[ 2018-06-19T14:51:48+08:00 ] 127.0.0.1 /Api/AdminApi/getwxAccount?adminID=1&keys=abc123
INFO: [ app_begin ] --START--
INFO: Run Behavior\ReadHtmlCacheBehavior [ RunTime:0.007963s ]
INFO: [ app_begin ] --END-- [ RunTime:0.011512s ]
SQL: SHOW COLUMNS FROM `wx_account` [ RunTime:0.0008s ]
SQL: SELECT * FROM `wx_account`  [ RunTime:0.0003s ]

[ 2018-06-19T14:52:25+08:00 ] 127.0.0.1 /Api/AdminApi/getwxAccount?adminID=1&keys=abc123
INFO: [ app_begin ] --START--
INFO: Run Behavior\ReadHtmlCacheBehavior [ RunTime:0.005368s ]
INFO: [ app_begin ] --END-- [ RunTime:0.008418s ]
SQL: SHOW COLUMNS FROM `wx_account` [ RunTime:0.0011s ]
SQL: SELECT * FROM `wx_account`  [ RunTime:0.0003s ]

[ 2018-06-19T14:52:29+08:00 ] 127.0.0.1 /Api/AdminApi/getwxAccount?adminID=1&keys=abc123
INFO: [ app_begin ] --START--
INFO: Run Behavior\ReadHtmlCacheBehavior [ RunTime:0.007735s ]
INFO: [ app_begin ] --END-- [ RunTime:0.012050s ]
SQL: SHOW COLUMNS FROM `wx_account` [ RunTime:0.0006s ]
SQL: SELECT * FROM `wx_account`  [ RunTime:0.0002s ]

[ 2018-06-19T14:52:58+08:00 ] 127.0.0.1 /Api/AdminApi/getwxAccount?adminID=1&keys=abc123
INFO: [ app_begin ] --START--
INFO: Run Behavior\ReadHtmlCacheBehavior [ RunTime:0.009072s ]
INFO: [ app_begin ] --END-- [ RunTime:0.012887s ]
SQL: SHOW COLUMNS FROM `wx_account` [ RunTime:0.0009s ]
SQL: SELECT * FROM `wx_account`  [ RunTime:0.0002s ]

[ 2018-06-19T14:53:02+08:00 ] 127.0.0.1 /Api/AdminApi/getwxAccount?adminID=1&keys=abc123
INFO: [ app_begin ] --START--
INFO: Run Behavior\ReadHtmlCacheBehavior [ RunTime:0.005787s ]
INFO: [ app_begin ] --END-- [ RunTime:0.009322s ]
SQL: SHOW COLUMNS FROM `wx_account` [ RunTime:0.0006s ]
SQL: SELECT * FROM `wx_account`  [ RunTime:0.0002s ]

[ 2018-06-19T14:53:26+08:00 ] 127.0.0.1 /Api/AdminApi/getwxAccount?adminID=1&keys=abc123
INFO: [ app_begin ] --START--
INFO: Run Behavior\ReadHtmlCacheBehavior [ RunTime:0.006401s ]
INFO: [ app_begin ] --END-- [ RunTime:0.008887s ]
SQL: SHOW COLUMNS FROM `wx_account` [ RunTime:0.0008s ]
SQL: SELECT * FROM `wx_account`  [ RunTime:0.0003s ]

[ 2018-06-19T14:55:13+08:00 ] 127.0.0.1 /Api/AdminApi/getwxAccount?adminID=1&keys=abc123
INFO: [ app_begin ] --START--
INFO: Run Behavior\ReadHtmlCacheBehavior [ RunTime:0.007119s ]
INFO: [ app_begin ] --END-- [ RunTime:0.010501s ]
SQL: SHOW COLUMNS FROM `wx_account` [ RunTime:0.0013s ]
SQL: SELECT * FROM `wx_account`  [ RunTime:0.0003s ]

[ 2018-06-19T14:56:41+08:00 ] 127.0.0.1 /Api/AdminApi/getwxAccount?adminID=1&keys=abc123
INFO: [ app_begin ] --START--
INFO: Run Behavior\ReadHtmlCacheBehavior [ RunTime:0.007977s ]
INFO: [ app_begin ] --END-- [ RunTime:0.011125s ]
SQL: SHOW COLUMNS FROM `wx_account` [ RunTime:0.0009s ]
SQL: SELECT * FROM `wx_account`  [ RunTime:0.0002s ]

[ 2018-06-19T14:57:18+08:00 ] 127.0.0.1 /Api/AdminApi/getwxAccount?adminID=1&keys=abc123
INFO: [ app_begin ] --START--
INFO: Run Behavior\ReadHtmlCacheBehavior [ RunTime:0.006399s ]
INFO: [ app_begin ] --END-- [ RunTime:0.009803s ]
SQL: SHOW COLUMNS FROM `wx_account` [ RunTime:0.0006s ]
SQL: SELECT * FROM `wx_account`  [ RunTime:0.0002s ]

[ 2018-06-19T14:58:18+08:00 ] 127.0.0.1 /Api/AdminApi/getwxAccount?adminID=1&keys=abc123
INFO: [ app_begin ] --START--
INFO: Run Behavior\ReadHtmlCacheBehavior [ RunTime:0.007172s ]
INFO: [ app_begin ] --END-- [ RunTime:0.010413s ]
SQL: SHOW COLUMNS FROM `wx_account` [ RunTime:0.0014s ]
SQL: SELECT * FROM `wx_account`  [ RunTime:0.0003s ]

[ 2018-06-19T14:58:46+08:00 ] 127.0.0.1 /Api/AdminApi/getwxAccount?adminID=1&keys=abc123
INFO: [ app_begin ] --START--
INFO: Run Behavior\ReadHtmlCacheBehavior [ RunTime:0.007696s ]
INFO: [ app_begin ] --END-- [ RunTime:0.010755s ]
SQL: SHOW COLUMNS FROM `wx_account` [ RunTime:0.0009s ]
SQL: SELECT * FROM `wx_account`  [ RunTime:0.0006s ]

[ 2018-06-19T14:59:03+08:00 ] 127.0.0.1 /Api/AdminApi/getwxAccount?adminID=1&keys=abc123
INFO: [ app_begin ] --START--
INFO: Run Behavior\ReadHtmlCacheBehavior [ RunTime:0.009684s ]
INFO: [ app_begin ] --END-- [ RunTime:0.015188s ]
SQL: SHOW COLUMNS FROM `wx_account` [ RunTime:0.0011s ]
SQL: SELECT * FROM `wx_account`  [ RunTime:0.0003s ]

[ 2018-06-19T15:01:37+08:00 ] 127.0.0.1 /Api/AdminApi/getwxAccount?adminID=1&keys=abc123
INFO: [ app_begin ] --START--
INFO: Run Behavior\ReadHtmlCacheBehavior [ RunTime:0.009197s ]
INFO: [ app_begin ] --END-- [ RunTime:0.012198s ]
SQL: SHOW COLUMNS FROM `wx_account` [ RunTime:0.0007s ]
SQL: SELECT * FROM `wx_account`  [ RunTime:0.0002s ]

[ 2018-06-19T15:02:10+08:00 ] 127.0.0.1 /Api/AdminApi/getwxAccount?adminID=1&keys=abc123
INFO: [ app_begin ] --START--
INFO: Run Behavior\ReadHtmlCacheBehavior [ RunTime:0.009650s ]
INFO: [ app_begin ] --END-- [ RunTime:0.014794s ]
SQL: SHOW COLUMNS FROM `wx_account` [ RunTime:0.0009s ]
SQL: SELECT * FROM `wx_account`  [ RunTime:0.0002s ]

[ 2018-06-19T15:03:01+08:00 ] 127.0.0.1 /Api/AdminApi/getwxAccount?adminID=1&keys=abc123
INFO: [ app_begin ] --START--
INFO: Run Behavior\ReadHtmlCacheBehavior [ RunTime:0.006707s ]
INFO: [ app_begin ] --END-- [ RunTime:0.010113s ]
SQL: SHOW COLUMNS FROM `wx_account` [ RunTime:0.0008s ]
SQL: SELECT * FROM `wx_account`  [ RunTime:0.0003s ]

[ 2018-06-19T15:03:49+08:00 ] 127.0.0.1 /Api/AdminApi/getwxAccount?adminID=1&keys=abc123
INFO: [ app_begin ] --START--
INFO: Run Behavior\ReadHtmlCacheBehavior [ RunTime:0.009359s ]
INFO: [ app_begin ] --END-- [ RunTime:0.012628s ]
SQL: SHOW COLUMNS FROM `wx_account` [ RunTime:0.0009s ]
SQL: SELECT * FROM `wx_account`  [ RunTime:0.0003s ]

[ 2018-06-19T15:03:50+08:00 ] 127.0.0.1 /Api/AdminApi/getwxAccount?adminID=1&keys=abc123
INFO: [ app_begin ] --START--
INFO: Run Behavior\ReadHtmlCacheBehavior [ RunTime:0.007058s ]
INFO: [ app_begin ] --END-- [ RunTime:0.009686s ]
SQL: SHOW COLUMNS FROM `wx_account` [ RunTime:0.0007s ]
SQL: SELECT * FROM `wx_account`  [ RunTime:0.0002s ]

[ 2018-06-19T15:05:43+08:00 ] 127.0.0.1 /Api/AdminApi/getwxAccount?adminID=1&keys=abc123
INFO: [ app_begin ] --START--
INFO: Run Behavior\ReadHtmlCacheBehavior [ RunTime:0.007377s ]
INFO: [ app_begin ] --END-- [ RunTime:0.010712s ]
SQL: SHOW COLUMNS FROM `wx_account` [ RunTime:0.0009s ]
SQL: SELECT * FROM `wx_account`  [ RunTime:0.0003s ]

[ 2018-06-19T15:05:59+08:00 ] 127.0.0.1 /Api/AdminApi/getwxAccount?adminID=1&keys=abc123
INFO: [ app_begin ] --START--
INFO: Run Behavior\ReadHtmlCacheBehavior [ RunTime:0.007784s ]
INFO: [ app_begin ] --END-- [ RunTime:0.011429s ]
SQL: SHOW COLUMNS FROM `wx_account` [ RunTime:0.0009s ]
SQL: SELECT * FROM `wx_account`  [ RunTime:0.0002s ]

[ 2018-06-19T15:06:54+08:00 ] 127.0.0.1 /Api/AdminApi/getwxAccount?adminID=1&keys=abc123
INFO: [ app_begin ] --START--
INFO: Run Behavior\ReadHtmlCacheBehavior [ RunTime:0.007764s ]
INFO: [ app_begin ] --END-- [ RunTime:0.010995s ]
SQL: SHOW COLUMNS FROM `wx_account` [ RunTime:0.0014s ]
SQL: SELECT * FROM `wx_account`  [ RunTime:0.0004s ]

[ 2018-06-19T15:07:11+08:00 ] 127.0.0.1 /Api/AdminApi/getwxAccount?adminID=1&keys=abc123
INFO: [ app_begin ] --START--
INFO: Run Behavior\ReadHtmlCacheBehavior [ RunTime:0.007163s ]
INFO: [ app_begin ] --END-- [ RunTime:0.011084s ]
SQL: SHOW COLUMNS FROM `wx_account` [ RunTime:0.0007s ]
SQL: SELECT * FROM `wx_account`  [ RunTime:0.0003s ]

[ 2018-06-19T15:10:53+08:00 ] 127.0.0.1 /Api/AdminApi/getwxAccount?adminID=1&keys=abc123
INFO: [ app_begin ] --START--
INFO: Run Behavior\ReadHtmlCacheBehavior [ RunTime:0.009471s ]
INFO: [ app_begin ] --END-- [ RunTime:0.012619s ]
SQL: SHOW COLUMNS FROM `wx_account` [ RunTime:0.0007s ]
SQL: SELECT * FROM `wx_account`  [ RunTime:0.0002s ]

[ 2018-06-19T15:11:06+08:00 ] 127.0.0.1 /Api/AdminApi/getwxAccount?adminID=1&keys=abc123
INFO: [ app_begin ] --START--
INFO: Run Behavior\ReadHtmlCacheBehavior [ RunTime:0.007659s ]
INFO: [ app_begin ] --END-- [ RunTime:0.011436s ]
SQL: SHOW COLUMNS FROM `wx_account` [ RunTime:0.0009s ]
SQL: SELECT * FROM `wx_account`  [ RunTime:0.0002s ]

[ 2018-06-19T15:12:23+08:00 ] 127.0.0.1 /Api/AdminApi/getwxAccount?adminID=1&keys=abc123
INFO: [ app_begin ] --START--
INFO: Run Behavior\ReadHtmlCacheBehavior [ RunTime:0.007949s ]
INFO: [ app_begin ] --END-- [ RunTime:0.011208s ]
SQL: SHOW COLUMNS FROM `wx_account` [ RunTime:0.0007s ]
SQL: SELECT * FROM `wx_account`  [ RunTime:0.0002s ]

[ 2018-06-19T15:14:49+08:00 ] 127.0.0.1 /Api/AdminApi/getwxAccount?adminID=1&keys=abc123
INFO: [ app_begin ] --START--
INFO: Run Behavior\ReadHtmlCacheBehavior [ RunTime:0.010308s ]
INFO: [ app_begin ] --END-- [ RunTime:0.014354s ]
SQL: SHOW COLUMNS FROM `wx_account` [ RunTime:0.0012s ]
SQL: SELECT * FROM `wx_account`  [ RunTime:0.0003s ]

[ 2018-06-19T15:29:25+08:00 ] 192.16.16.57 /Api/AdminApi/getwxAccount?adminID=1&keys=abc123
INFO: [ app_begin ] --START--
INFO: Run Behavior\ReadHtmlCacheBehavior [ RunTime:0.005995s ]
INFO: [ app_begin ] --END-- [ RunTime:0.009422s ]
SQL: SHOW COLUMNS FROM `wx_account` [ RunTime:0.0021s ]
SQL: SELECT * FROM `wx_account`  [ RunTime:0.0189s ]

[ 2018-06-19T15:59:36+08:00 ] 127.0.0.1 /Api/AdminApi/addwxAccount?adminID=1&keys=abc123
INFO: [ app_begin ] --START--
INFO: Run Behavior\ReadHtmlCacheBehavior [ RunTime:0.008633s ]
INFO: [ app_begin ] --END-- [ RunTime:0.012305s ]

[ 2018-06-19T16:19:45+08:00 ] 127.0.0.1 /Api/AdminApi/addwxAccount?adminID=1&keys=abc123
INFO: [ app_begin ] --START--
INFO: Run Behavior\ReadHtmlCacheBehavior [ RunTime:0.042593s ]
INFO: [ app_begin ] --END-- [ RunTime:0.058392s ]

[ 2018-06-19T16:19:48+08:00 ] 127.0.0.1 /Api/AdminApi/addwxAccount?adminID=1&keys=abc123
INFO: [ app_begin ] --START--
INFO: Run Behavior\ReadHtmlCacheBehavior [ RunTime:0.010131s ]
INFO: [ app_begin ] --END-- [ RunTime:0.013821s ]

[ 2018-06-19T16:22:06+08:00 ] 127.0.0.1 /Api/AdminApi/addwxAccount?adminID=1&keys=abc123
INFO: [ app_begin ] --START--
INFO: Run Behavior\ReadHtmlCacheBehavior [ RunTime:0.009806s ]
INFO: [ app_begin ] --END-- [ RunTime:0.013588s ]

[ 2018-06-19T16:22:08+08:00 ] 127.0.0.1 /Api/AdminApi/addwxAccount?adminID=1&keys=abc123
INFO: [ app_begin ] --START--
INFO: Run Behavior\ReadHtmlCacheBehavior [ RunTime:0.006041s ]
INFO: [ app_begin ] --END-- [ RunTime:0.008945s ]

[ 2018-06-19T16:22:11+08:00 ] 127.0.0.1 /Api/AdminApi/addwxAccount?adminID=1&keys=abc123
INFO: [ app_begin ] --START--
INFO: Run Behavior\ReadHtmlCacheBehavior [ RunTime:0.007009s ]
INFO: [ app_begin ] --END-- [ RunTime:0.009772s ]

[ 2018-06-19T16:22:14+08:00 ] 127.0.0.1 /Api/AdminApi/addwxAccount?adminID=1&keys=abc123
INFO: [ app_begin ] --START--
INFO: Run Behavior\ReadHtmlCacheBehavior [ RunTime:0.008801s ]
INFO: [ app_begin ] --END-- [ RunTime:0.012409s ]

[ 2018-06-19T16:22:17+08:00 ] 127.0.0.1 /Api/AdminApi/addwxAccount?adminID=1&keys=abc123
INFO: [ app_begin ] --START--
INFO: Run Behavior\ReadHtmlCacheBehavior [ RunTime:0.009282s ]
INFO: [ app_begin ] --END-- [ RunTime:0.012458s ]

[ 2018-06-19T16:35:08+08:00 ] 127.0.0.1 /Api/AdminApi/uploader?adminID=1&keys=abc123
ERR: 非法操作:uploader

[ 2018-06-19T16:35:23+08:00 ] 127.0.0.1 /Api/AdminApi/uploader?adminID=1&keys=abc123
ERR: 非法操作:uploader

[ 2018-06-19T16:52:50+08:00 ] 127.0.0.1 /Api/AdminApi/addwxAccount?adminID=1&keys=abc123
INFO: [ app_begin ] --START--
INFO: Run Behavior\ReadHtmlCacheBehavior [ RunTime:0.006259s ]
INFO: [ app_begin ] --END-- [ RunTime:0.020107s ]

[ 2018-06-19T16:53:41+08:00 ] 127.0.0.1 /Api/AdminApi/addwxAccount?adminID=1&keys=abc123
INFO: [ app_begin ] --START--
INFO: Run Behavior\ReadHtmlCacheBehavior [ RunTime:0.005832s ]
INFO: [ app_begin ] --END-- [ RunTime:0.008435s ]

[ 2018-06-19T16:54:13+08:00 ] 127.0.0.1 /Api/AdminApi/addwxAccount?adminID=1&keys=abc123
INFO: [ app_begin ] --START--
INFO: Run Behavior\ReadHtmlCacheBehavior [ RunTime:0.007004s ]
INFO: [ app_begin ] --END-- [ RunTime:0.009887s ]

[ 2018-06-19T16:54:16+08:00 ] 127.0.0.1 /Api/AdminApi/addwxAccount?adminID=1&keys=abc123
INFO: [ app_begin ] --START--
INFO: Run Behavior\ReadHtmlCacheBehavior [ RunTime:0.007796s ]
INFO: [ app_begin ] --END-- [ RunTime:0.012271s ]

[ 2018-06-19T16:54:18+08:00 ] 127.0.0.1 /Api/AdminApi/addwxAccount?adminID=1&keys=abc123
INFO: [ app_begin ] --START--
INFO: Run Behavior\ReadHtmlCacheBehavior [ RunTime:0.007658s ]
INFO: [ app_begin ] --END-- [ RunTime:0.011214s ]

[ 2018-06-19T16:54:19+08:00 ] 127.0.0.1 /Api/AdminApi/addwxAccount?adminID=1&keys=abc123
INFO: [ app_begin ] --START--
INFO: Run Behavior\ReadHtmlCacheBehavior [ RunTime:0.006482s ]
INFO: [ app_begin ] --END-- [ RunTime:0.009518s ]

[ 2018-06-19T16:54:20+08:00 ] 127.0.0.1 /Api/AdminApi/addwxAccount?adminID=1&keys=abc123
INFO: [ app_begin ] --START--
INFO: Run Behavior\ReadHtmlCacheBehavior [ RunTime:0.009472s ]
INFO: [ app_begin ] --END-- [ RunTime:0.013499s ]

[ 2018-06-19T16:54:20+08:00 ] 127.0.0.1 /Api/AdminApi/addwxAccount?adminID=1&keys=abc123
INFO: [ app_begin ] --START--
INFO: Run Behavior\ReadHtmlCacheBehavior [ RunTime:0.006260s ]
INFO: [ app_begin ] --END-- [ RunTime:0.009282s ]

[ 2018-06-19T16:54:21+08:00 ] 127.0.0.1 /Api/AdminApi/addwxAccount?adminID=1&keys=abc123
INFO: [ app_begin ] --START--
INFO: Run Behavior\ReadHtmlCacheBehavior [ RunTime:0.010702s ]
INFO: [ app_begin ] --END-- [ RunTime:0.014485s ]

[ 2018-06-19T16:54:22+08:00 ] 127.0.0.1 /Api/AdminApi/addwxAccount?adminID=1&keys=abc123
INFO: [ app_begin ] --START--
INFO: Run Behavior\ReadHtmlCacheBehavior [ RunTime:0.008450s ]
INFO: [ app_begin ] --END-- [ RunTime:0.012476s ]

[ 2018-06-19T16:54:22+08:00 ] 127.0.0.1 /Api/AdminApi/addwxAccount?adminID=1&keys=abc123
INFO: [ app_begin ] --START--
INFO: Run Behavior\ReadHtmlCacheBehavior [ RunTime:0.008340s ]
INFO: [ app_begin ] --END-- [ RunTime:0.011863s ]

[ 2018-06-19T16:54:23+08:00 ] 127.0.0.1 /Api/AdminApi/addwxAccount?adminID=1&keys=abc123
INFO: [ app_begin ] --START--
INFO: Run Behavior\ReadHtmlCacheBehavior [ RunTime:0.008697s ]
INFO: [ app_begin ] --END-- [ RunTime:0.012485s ]

[ 2018-06-19T16:54:24+08:00 ] 127.0.0.1 /Api/AdminApi/addwxAccount?adminID=1&keys=abc123
INFO: [ app_begin ] --START--
INFO: Run Behavior\ReadHtmlCacheBehavior [ RunTime:0.009479s ]
INFO: [ app_begin ] --END-- [ RunTime:0.012778s ]

[ 2018-06-19T16:54:24+08:00 ] 127.0.0.1 /Api/AdminApi/addwxAccount?adminID=1&keys=abc123
INFO: [ app_begin ] --START--
INFO: Run Behavior\ReadHtmlCacheBehavior [ RunTime:0.010221s ]
INFO: [ app_begin ] --END-- [ RunTime:0.013302s ]

[ 2018-06-19T16:54:25+08:00 ] 127.0.0.1 /Api/AdminApi/addwxAccount?adminID=1&keys=abc123
INFO: [ app_begin ] --START--
INFO: Run Behavior\ReadHtmlCacheBehavior [ RunTime:0.007556s ]
INFO: [ app_begin ] --END-- [ RunTime:0.011639s ]

[ 2018-06-19T16:54:25+08:00 ] 127.0.0.1 /Api/AdminApi/addwxAccount?adminID=1&keys=abc123
INFO: [ app_begin ] --START--
INFO: Run Behavior\ReadHtmlCacheBehavior [ RunTime:0.007964s ]
INFO: [ app_begin ] --END-- [ RunTime:0.011161s ]

[ 2018-06-19T16:54:26+08:00 ] 127.0.0.1 /Api/AdminApi/addwxAccount?adminID=1&keys=abc123
INFO: [ app_begin ] --START--
INFO: Run Behavior\ReadHtmlCacheBehavior [ RunTime:0.009342s ]
INFO: [ app_begin ] --END-- [ RunTime:0.013876s ]

[ 2018-06-19T16:54:27+08:00 ] 127.0.0.1 /Api/AdminApi/addwxAccount?adminID=1&keys=abc123
INFO: [ app_begin ] --START--
INFO: Run Behavior\ReadHtmlCacheBehavior [ RunTime:0.007678s ]
INFO: [ app_begin ] --END-- [ RunTime:0.011615s ]

[ 2018-06-19T16:54:28+08:00 ] 127.0.0.1 /Api/AdminApi/addwxAccount?adminID=1&keys=abc123
INFO: [ app_begin ] --START--
INFO: Run Behavior\ReadHtmlCacheBehavior [ RunTime:0.012368s ]
INFO: [ app_begin ] --END-- [ RunTime:0.017572s ]

[ 2018-06-19T17:18:40+08:00 ] 127.0.0.1 /Api/AdminApi/uploaders
ERR: 非法操作:uploaders

[ 2018-06-19T17:25:32+08:00 ] 127.0.0.1 /Api/AdminApi/getwxAccount?adminID=1&keys=abc123
INFO: [ app_begin ] --START--
INFO: Run Behavior\ReadHtmlCacheBehavior [ RunTime:0.001111s ]
INFO: [ app_begin ] --END-- [ RunTime:0.001647s ]
SQL: SHOW COLUMNS FROM `wx_account` [ RunTime:0.0328s ]
SQL: SELECT * FROM `wx_account`  [ RunTime:0.0004s ]

[ 2018-06-19T17:25:34+08:00 ] 127.0.0.1 /Api/AdminApi/getwxAccount?adminID=1&keys=abc123
INFO: [ app_begin ] --START--
INFO: Run Behavior\ReadHtmlCacheBehavior [ RunTime:0.000905s ]
INFO: [ app_begin ] --END-- [ RunTime:0.001605s ]
SQL: SHOW COLUMNS FROM `wx_account` [ RunTime:0.0071s ]
SQL: SELECT * FROM `wx_account`  [ RunTime:0.0005s ]

[ 2018-06-19T17:25:59+08:00 ] 127.0.0.1 /Api/AdminApi/uploaders
ERR: 非法操作:uploaders

