[ 2018-06-22T09:39:08+08:00 ] 127.0.0.1 /Api/AdminApi/getwxAccount?adminID=1&keys=abc123
INFO: [ app_begin ] --START--
INFO: Run Behavior\ReadHtmlCacheBehavior [ RunTime:0.002929s ]
INFO: [ app_begin ] --END-- [ RunTime:0.004436s ]
SQL: SHOW COLUMNS FROM `wx_account` [ RunTime:0.1180s ]
SQL: SELECT * FROM `wx_account`  [ RunTime:0.0136s ]

[ 2018-06-22T09:39:39+08:00 ] 127.0.0.1 /Api/AdminApi/AppQlist?adminID=1&keys=abc123
INFO: [ app_begin ] --START--
INFO: Run Behavior\ReadHtmlCacheBehavior [ RunTime:0.002307s ]
INFO: [ app_begin ] --END-- [ RunTime:0.003976s ]
SQL: SHOW COLUMNS FROM `wx_wenti` [ RunTime:0.0734s ]
SQL: SELECT * FROM `wx_wenti`  [ RunTime:0.0009s ]

[ 2018-06-22T09:39:59+08:00 ] 127.0.0.1 /Api/AdminApi/AppQOne?adminID=1&keys=abc123&id=3
INFO: [ app_begin ] --START--
INFO: Run Behavior\ReadHtmlCacheBehavior [ RunTime:0.001797s ]
INFO: [ app_begin ] --END-- [ RunTime:0.003087s ]
SQL: SHOW COLUMNS FROM `wx_wenti` [ RunTime:0.0146s ]
SQL: SELECT * FROM `wx_wenti` WHERE ( id = 3 ) LIMIT 1   [ RunTime:0.0024s ]

[ 2018-06-22T10:30:48+08:00 ] 127.0.0.1 /Api/AdminApi/getwxAccount?adminID=1&keys=abc123
INFO: [ app_begin ] --START--
INFO: Run Behavior\ReadHtmlCacheBehavior [ RunTime:0.011899s ]
INFO: [ app_begin ] --END-- [ RunTime:0.013513s ]
SQL: SHOW COLUMNS FROM `wx_account` [ RunTime:0.0222s ]
SQL: SELECT * FROM `wx_account`  [ RunTime:0.0011s ]

[ 2018-06-22T10:30:50+08:00 ] 127.0.0.1 /Api/AdminApi/getwxAccount?adminID=1&keys=abc123
INFO: [ app_begin ] --START--
INFO: Run Behavior\ReadHtmlCacheBehavior [ RunTime:0.003390s ]
INFO: [ app_begin ] --END-- [ RunTime:0.006308s ]
SQL: SHOW COLUMNS FROM `wx_account` [ RunTime:0.0154s ]
SQL: SELECT * FROM `wx_account`  [ RunTime:0.0010s ]

[ 2018-06-22T10:30:54+08:00 ] 127.0.0.1 /Api/AdminApi/getwxAccount?adminID=1&keys=abc123
INFO: [ app_begin ] --START--
INFO: Run Behavior\ReadHtmlCacheBehavior [ RunTime:0.002428s ]
INFO: [ app_begin ] --END-- [ RunTime:0.004396s ]
SQL: SHOW COLUMNS FROM `wx_account` [ RunTime:0.0165s ]
SQL: SELECT * FROM `wx_account`  [ RunTime:0.0012s ]

[ 2018-06-22T10:30:56+08:00 ] 127.0.0.1 /Api/AdminApi/getwxAccount?adminID=1&keys=abc123
INFO: [ app_begin ] --START--
INFO: Run Behavior\ReadHtmlCacheBehavior [ RunTime:0.002213s ]
INFO: [ app_begin ] --END-- [ RunTime:0.005190s ]
SQL: SHOW COLUMNS FROM `wx_account` [ RunTime:0.0198s ]
SQL: SELECT * FROM `wx_account`  [ RunTime:0.0010s ]

[ 2018-06-22T10:30:58+08:00 ] 127.0.0.1 /Api/AdminApi/getwxAccount?adminID=1&keys=abc123
INFO: [ app_begin ] --START--
INFO: Run Behavior\ReadHtmlCacheBehavior [ RunTime:0.001757s ]
INFO: [ app_begin ] --END-- [ RunTime:0.003190s ]
SQL: SHOW COLUMNS FROM `wx_account` [ RunTime:0.0132s ]
SQL: SELECT * FROM `wx_account`  [ RunTime:0.0007s ]

[ 2018-06-22T10:31:00+08:00 ] 127.0.0.1 /Api/AdminApi/getwxAccount?adminID=1&keys=abc123
INFO: [ app_begin ] --START--
INFO: Run Behavior\ReadHtmlCacheBehavior [ RunTime:0.001821s ]
INFO: [ app_begin ] --END-- [ RunTime:0.003019s ]
SQL: SHOW COLUMNS FROM `wx_account` [ RunTime:0.0137s ]
SQL: SELECT * FROM `wx_account`  [ RunTime:0.0007s ]

[ 2018-06-22T10:31:02+08:00 ] 127.0.0.1 /Api/AdminApi/getwxAccount?adminID=1&keys=abc123
INFO: [ app_begin ] --START--
INFO: Run Behavior\ReadHtmlCacheBehavior [ RunTime:0.002285s ]
INFO: [ app_begin ] --END-- [ RunTime:0.004106s ]
SQL: SHOW COLUMNS FROM `wx_account` [ RunTime:0.0139s ]
SQL: SELECT * FROM `wx_account`  [ RunTime:0.0009s ]

[ 2018-06-22T17:03:43+08:00 ] 127.0.0.1 /Api/AdminApi/AppQlist?adminID=1&keys=abc123
INFO: [ app_begin ] --START--
INFO: Run Behavior\ReadHtmlCacheBehavior [ RunTime:0.001813s ]
INFO: [ app_begin ] --END-- [ RunTime:0.003039s ]
SQL: SHOW COLUMNS FROM `wx_wenti` [ RunTime:0.0209s ]
SQL: SELECT * FROM `wx_wenti`  [ RunTime:0.0007s ]

