[ 2018-06-13T09:27:39+08:00 ] 192.16.16.57 /Api/AdminApi/getAdminInfo?adminID=1&keys=abc123
INFO: [ app_begin ] --START--
INFO: Run Behavior\ReadHtmlCacheBehavior [ RunTime:0.007917s ]
INFO: [ app_begin ] --END-- [ RunTime:0.011422s ]
NOTIC: [8] Undefined index: is_page /media/jmx/Workspace/1workspace/php/www/rycs/sp.runyinchuangshi.com/Application/Api/Model/MyDataModel.class.php 第 28 行.
NOTIC: [8] Undefined index: orderType /media/jmx/Workspace/1workspace/php/www/rycs/sp.runyinchuangshi.com/Application/Api/Model/MyDataModel.class.php 第 36 行.
NOTIC: [8] Undefined index: startTime /media/jmx/Workspace/1workspace/php/www/rycs/sp.runyinchuangshi.com/Application/Api/Model/AdminModel.class.php 第 29 行.
NOTIC: [8] Undefined index: name /media/jmx/Workspace/1workspace/php/www/rycs/sp.runyinchuangshi.com/Application/Api/Model/AdminModel.class.php 第 35 行.
NOTIC: [8] Undefined index: id /media/jmx/Workspace/1workspace/php/www/rycs/sp.runyinchuangshi.com/Application/Api/Model/MyDataModel.class.php 第 74 行.
NOTIC: [8] Undefined variable: msg /media/jmx/Workspace/1workspace/php/www/rycs/sp.runyinchuangshi.com/Application/Api/Model/ParamModel.class.php 第 57 行.
NOTIC: [8] Undefined index: code /media/jmx/Workspace/1workspace/php/www/rycs/sp.runyinchuangshi.com/Application/Api/Model/MyDataModel.class.php 第 80 行.
ERR: SQLSTATE[HY000] [2002] Connection refused

[ 2018-06-13T09:27:58+08:00 ] 192.16.16.57 /Api/AdminApi/getAdminInfo?adminID=1&keys=abc123
INFO: [ app_begin ] --START--
INFO: Run Behavior\ReadHtmlCacheBehavior [ RunTime:0.006236s ]
INFO: [ app_begin ] --END-- [ RunTime:0.008786s ]
NOTIC: [8] Undefined index: is_page /media/jmx/Workspace/1workspace/php/www/rycs/sp.runyinchuangshi.com/Application/Api/Model/MyDataModel.class.php 第 28 行.
NOTIC: [8] Undefined index: orderType /media/jmx/Workspace/1workspace/php/www/rycs/sp.runyinchuangshi.com/Application/Api/Model/MyDataModel.class.php 第 36 行.
NOTIC: [8] Undefined index: startTime /media/jmx/Workspace/1workspace/php/www/rycs/sp.runyinchuangshi.com/Application/Api/Model/AdminModel.class.php 第 29 行.
NOTIC: [8] Undefined index: name /media/jmx/Workspace/1workspace/php/www/rycs/sp.runyinchuangshi.com/Application/Api/Model/AdminModel.class.php 第 35 行.
NOTIC: [8] Undefined index: id /media/jmx/Workspace/1workspace/php/www/rycs/sp.runyinchuangshi.com/Application/Api/Model/MyDataModel.class.php 第 74 行.
NOTIC: [8] Undefined variable: msg /media/jmx/Workspace/1workspace/php/www/rycs/sp.runyinchuangshi.com/Application/Api/Model/ParamModel.class.php 第 57 行.
NOTIC: [8] Undefined index: code /media/jmx/Workspace/1workspace/php/www/rycs/sp.runyinchuangshi.com/Application/Api/Model/MyDataModel.class.php 第 80 行.
SQL: SHOW COLUMNS FROM `shop_admin` [ RunTime:0.0376s ]
NOTIC: [8] Undefined index: id /media/jmx/Workspace/1workspace/php/www/rycs/sp.runyinchuangshi.com/Application/Api/Model/MyDataModel.class.php 第 87 行.
SQL: SELECT * FROM `shop_admin` ORDER BY id desc  [ RunTime:0.0002s ]
NOTIC: [8] Undefined variable: _code /media/jmx/Workspace/1workspace/php/www/rycs/sp.runyinchuangshi.com/Application/Api/Model/ParamModel.class.php 第 152 行.
NOTIC: [8] Undefined variable: msg /media/jmx/Workspace/1workspace/php/www/rycs/sp.runyinchuangshi.com/Application/Api/Model/ParamModel.class.php 第 57 行.
NOTIC: [8] Undefined index: code /media/jmx/Workspace/1workspace/php/www/rycs/sp.runyinchuangshi.com/Application/Api/Model/MyDataModel.class.php 第 80 行.
SQL: SHOW COLUMNS FROM `shop_roles` [ RunTime:0.0263s ]
SQL: SELECT * FROM `shop_roles` WHERE `id` = 1 ORDER BY id desc LIMIT 1   [ RunTime:0.0002s ]
NOTIC: [8] Undefined variable: _code /media/jmx/Workspace/1workspace/php/www/rycs/sp.runyinchuangshi.com/Application/Api/Model/ParamModel.class.php 第 152 行.

[ 2018-06-13T09:27:59+08:00 ] 192.16.16.57 /Api/AdminApi/getAdminInfo?adminID=1&keys=abc123
INFO: [ app_begin ] --START--
INFO: Run Behavior\ReadHtmlCacheBehavior [ RunTime:0.006868s ]
INFO: [ app_begin ] --END-- [ RunTime:0.011002s ]
NOTIC: [8] Undefined index: is_page /media/jmx/Workspace/1workspace/php/www/rycs/sp.runyinchuangshi.com/Application/Api/Model/MyDataModel.class.php 第 28 行.
NOTIC: [8] Undefined index: orderType /media/jmx/Workspace/1workspace/php/www/rycs/sp.runyinchuangshi.com/Application/Api/Model/MyDataModel.class.php 第 36 行.
NOTIC: [8] Undefined index: startTime /media/jmx/Workspace/1workspace/php/www/rycs/sp.runyinchuangshi.com/Application/Api/Model/AdminModel.class.php 第 29 行.
NOTIC: [8] Undefined index: name /media/jmx/Workspace/1workspace/php/www/rycs/sp.runyinchuangshi.com/Application/Api/Model/AdminModel.class.php 第 35 行.
NOTIC: [8] Undefined index: id /media/jmx/Workspace/1workspace/php/www/rycs/sp.runyinchuangshi.com/Application/Api/Model/MyDataModel.class.php 第 74 行.
NOTIC: [8] Undefined variable: msg /media/jmx/Workspace/1workspace/php/www/rycs/sp.runyinchuangshi.com/Application/Api/Model/ParamModel.class.php 第 57 行.
NOTIC: [8] Undefined index: code /media/jmx/Workspace/1workspace/php/www/rycs/sp.runyinchuangshi.com/Application/Api/Model/MyDataModel.class.php 第 80 行.
SQL: SHOW COLUMNS FROM `shop_admin` [ RunTime:0.0009s ]
NOTIC: [8] Undefined index: id /media/jmx/Workspace/1workspace/php/www/rycs/sp.runyinchuangshi.com/Application/Api/Model/MyDataModel.class.php 第 87 行.
SQL: SELECT * FROM `shop_admin` ORDER BY id desc  [ RunTime:0.0003s ]
NOTIC: [8] Undefined variable: _code /media/jmx/Workspace/1workspace/php/www/rycs/sp.runyinchuangshi.com/Application/Api/Model/ParamModel.class.php 第 152 行.
NOTIC: [8] Undefined variable: msg /media/jmx/Workspace/1workspace/php/www/rycs/sp.runyinchuangshi.com/Application/Api/Model/ParamModel.class.php 第 57 行.
NOTIC: [8] Undefined index: code /media/jmx/Workspace/1workspace/php/www/rycs/sp.runyinchuangshi.com/Application/Api/Model/MyDataModel.class.php 第 80 行.
SQL: SHOW COLUMNS FROM `shop_roles` [ RunTime:0.0007s ]
SQL: SELECT * FROM `shop_roles` WHERE `id` = 1 ORDER BY id desc LIMIT 1   [ RunTime:0.0003s ]
NOTIC: [8] Undefined variable: _code /media/jmx/Workspace/1workspace/php/www/rycs/sp.runyinchuangshi.com/Application/Api/Model/ParamModel.class.php 第 152 行.

[ 2018-06-13T09:28:06+08:00 ] 192.16.16.57 /Api/AdminApi/updateAdmin?adminID=1&keys=abc123
INFO: [ app_begin ] --START--
INFO: Run Behavior\ReadHtmlCacheBehavior [ RunTime:0.007097s ]
INFO: [ app_begin ] --END-- [ RunTime:0.010800s ]
NOTIC: [8] Undefined index: is_page /media/jmx/Workspace/1workspace/php/www/rycs/sp.runyinchuangshi.com/Application/Api/Model/MyDataModel.class.php 第 28 行.
NOTIC: [8] Undefined index: orderType /media/jmx/Workspace/1workspace/php/www/rycs/sp.runyinchuangshi.com/Application/Api/Model/MyDataModel.class.php 第 36 行.
NOTIC: [8] Undefined variable: msg /media/jmx/Workspace/1workspace/php/www/rycs/sp.runyinchuangshi.com/Application/Api/Model/ParamModel.class.php 第 57 行.
NOTIC: [8] Undefined index: code /media/jmx/Workspace/1workspace/php/www/rycs/sp.runyinchuangshi.com/Application/Api/Model/MyDataModel.class.php 第 143 行.
SQL: SHOW COLUMNS FROM `shop_admin` [ RunTime:0.0012s ]
SQL: UPDATE `shop_admin` SET `id`='1',`is_open`='1',`keys`='abc123' WHERE `id` = 1 [ RunTime:0.0020s ]
NOTIC: [8] Undefined variable: _code /media/jmx/Workspace/1workspace/php/www/rycs/sp.runyinchuangshi.com/Application/Api/Model/ParamModel.class.php 第 152 行.

[ 2018-06-13T09:46:32+08:00 ] 192.16.16.57 /Api/AdminApi/getAdminInfo?adminID=1&keys=abc123
INFO: [ app_begin ] --START--
INFO: Run Behavior\ReadHtmlCacheBehavior [ RunTime:0.009366s ]
INFO: [ app_begin ] --END-- [ RunTime:0.013363s ]
NOTIC: [8] Undefined index: is_page /media/jmx/Workspace/1workspace/php/www/rycs/sp.runyinchuangshi.com/Application/Api/Model/MyDataModel.class.php 第 28 行.
NOTIC: [8] Undefined index: orderType /media/jmx/Workspace/1workspace/php/www/rycs/sp.runyinchuangshi.com/Application/Api/Model/MyDataModel.class.php 第 36 行.
NOTIC: [8] Undefined index: startTime /media/jmx/Workspace/1workspace/php/www/rycs/sp.runyinchuangshi.com/Application/Api/Model/AdminModel.class.php 第 29 行.
NOTIC: [8] Undefined index: name /media/jmx/Workspace/1workspace/php/www/rycs/sp.runyinchuangshi.com/Application/Api/Model/AdminModel.class.php 第 35 行.
NOTIC: [8] Undefined index: id /media/jmx/Workspace/1workspace/php/www/rycs/sp.runyinchuangshi.com/Application/Api/Model/MyDataModel.class.php 第 74 行.
NOTIC: [8] Undefined variable: msg /media/jmx/Workspace/1workspace/php/www/rycs/sp.runyinchuangshi.com/Application/Api/Model/ParamModel.class.php 第 57 行.
NOTIC: [8] Undefined index: code /media/jmx/Workspace/1workspace/php/www/rycs/sp.runyinchuangshi.com/Application/Api/Model/MyDataModel.class.php 第 80 行.
SQL: SHOW COLUMNS FROM `shop_admin` [ RunTime:0.0010s ]
NOTIC: [8] Undefined index: id /media/jmx/Workspace/1workspace/php/www/rycs/sp.runyinchuangshi.com/Application/Api/Model/MyDataModel.class.php 第 87 行.
SQL: SELECT * FROM `shop_admin` ORDER BY id desc  [ RunTime:0.0003s ]
NOTIC: [8] Undefined variable: _code /media/jmx/Workspace/1workspace/php/www/rycs/sp.runyinchuangshi.com/Application/Api/Model/ParamModel.class.php 第 152 行.
NOTIC: [8] Undefined variable: msg /media/jmx/Workspace/1workspace/php/www/rycs/sp.runyinchuangshi.com/Application/Api/Model/ParamModel.class.php 第 57 行.
NOTIC: [8] Undefined index: code /media/jmx/Workspace/1workspace/php/www/rycs/sp.runyinchuangshi.com/Application/Api/Model/MyDataModel.class.php 第 80 行.
SQL: SHOW COLUMNS FROM `shop_roles` [ RunTime:0.0006s ]
SQL: SELECT * FROM `shop_roles` WHERE `id` = 1 ORDER BY id desc LIMIT 1   [ RunTime:0.0003s ]
NOTIC: [8] Undefined variable: _code /media/jmx/Workspace/1workspace/php/www/rycs/sp.runyinchuangshi.com/Application/Api/Model/ParamModel.class.php 第 152 行.

[ 2018-06-13T09:57:48+08:00 ] 192.16.16.57 /Api/AdminApi/getAdminInfo?adminID=1&keys=abc123
INFO: [ app_begin ] --START--
INFO: Run Behavior\ReadHtmlCacheBehavior [ RunTime:0.008207s ]
INFO: [ app_begin ] --END-- [ RunTime:0.012271s ]
NOTIC: [8] Undefined index: is_page /media/jmx/Workspace/1workspace/php/www/rycs/sp.runyinchuangshi.com/Application/Api/Model/MyDataModel.class.php 第 28 行.
NOTIC: [8] Undefined index: orderType /media/jmx/Workspace/1workspace/php/www/rycs/sp.runyinchuangshi.com/Application/Api/Model/MyDataModel.class.php 第 36 行.
NOTIC: [8] Undefined index: startTime /media/jmx/Workspace/1workspace/php/www/rycs/sp.runyinchuangshi.com/Application/Api/Model/AdminModel.class.php 第 29 行.
NOTIC: [8] Undefined index: name /media/jmx/Workspace/1workspace/php/www/rycs/sp.runyinchuangshi.com/Application/Api/Model/AdminModel.class.php 第 35 行.
NOTIC: [8] Undefined index: id /media/jmx/Workspace/1workspace/php/www/rycs/sp.runyinchuangshi.com/Application/Api/Model/MyDataModel.class.php 第 74 行.
NOTIC: [8] Undefined variable: msg /media/jmx/Workspace/1workspace/php/www/rycs/sp.runyinchuangshi.com/Application/Api/Model/ParamModel.class.php 第 57 行.
NOTIC: [8] Undefined index: code /media/jmx/Workspace/1workspace/php/www/rycs/sp.runyinchuangshi.com/Application/Api/Model/MyDataModel.class.php 第 80 行.
SQL: SHOW COLUMNS FROM `shop_admin` [ RunTime:0.0011s ]
NOTIC: [8] Undefined index: id /media/jmx/Workspace/1workspace/php/www/rycs/sp.runyinchuangshi.com/Application/Api/Model/MyDataModel.class.php 第 87 行.
SQL: SELECT * FROM `shop_admin` ORDER BY id desc  [ RunTime:0.0003s ]
NOTIC: [8] Undefined variable: _code /media/jmx/Workspace/1workspace/php/www/rycs/sp.runyinchuangshi.com/Application/Api/Model/ParamModel.class.php 第 152 行.
NOTIC: [8] Undefined variable: msg /media/jmx/Workspace/1workspace/php/www/rycs/sp.runyinchuangshi.com/Application/Api/Model/ParamModel.class.php 第 57 行.
NOTIC: [8] Undefined index: code /media/jmx/Workspace/1workspace/php/www/rycs/sp.runyinchuangshi.com/Application/Api/Model/MyDataModel.class.php 第 80 行.
SQL: SHOW COLUMNS FROM `shop_roles` [ RunTime:0.0009s ]
SQL: SELECT * FROM `shop_roles` WHERE `id` = 1 ORDER BY id desc LIMIT 1   [ RunTime:0.0003s ]
NOTIC: [8] Undefined variable: _code /media/jmx/Workspace/1workspace/php/www/rycs/sp.runyinchuangshi.com/Application/Api/Model/ParamModel.class.php 第 152 行.

[ 2018-06-13T10:06:35+08:00 ] 192.16.16.57 /Api/AdminApi/getAdminInfo?adminID=1&keys=abc123
INFO: [ app_begin ] --START--
INFO: Run Behavior\ReadHtmlCacheBehavior [ RunTime:0.005365s ]
INFO: [ app_begin ] --END-- [ RunTime:0.007767s ]
NOTIC: [8] Undefined index: is_page /media/jmx/Workspace/1workspace/php/www/rycs/sp.runyinchuangshi.com/Application/Api/Model/MyDataModel.class.php 第 28 行.
NOTIC: [8] Undefined index: orderType /media/jmx/Workspace/1workspace/php/www/rycs/sp.runyinchuangshi.com/Application/Api/Model/MyDataModel.class.php 第 36 行.
NOTIC: [8] Undefined index: startTime /media/jmx/Workspace/1workspace/php/www/rycs/sp.runyinchuangshi.com/Application/Api/Model/AdminModel.class.php 第 29 行.
NOTIC: [8] Undefined index: name /media/jmx/Workspace/1workspace/php/www/rycs/sp.runyinchuangshi.com/Application/Api/Model/AdminModel.class.php 第 35 行.
NOTIC: [8] Undefined index: id /media/jmx/Workspace/1workspace/php/www/rycs/sp.runyinchuangshi.com/Application/Api/Model/MyDataModel.class.php 第 74 行.
NOTIC: [8] Undefined variable: msg /media/jmx/Workspace/1workspace/php/www/rycs/sp.runyinchuangshi.com/Application/Api/Model/ParamModel.class.php 第 57 行.
NOTIC: [8] Undefined index: code /media/jmx/Workspace/1workspace/php/www/rycs/sp.runyinchuangshi.com/Application/Api/Model/MyDataModel.class.php 第 80 行.
SQL: SHOW COLUMNS FROM `shop_admin` [ RunTime:0.0009s ]
NOTIC: [8] Undefined index: id /media/jmx/Workspace/1workspace/php/www/rycs/sp.runyinchuangshi.com/Application/Api/Model/MyDataModel.class.php 第 87 行.
SQL: SELECT * FROM `shop_admin` ORDER BY id desc  [ RunTime:0.0003s ]
NOTIC: [8] Undefined variable: _code /media/jmx/Workspace/1workspace/php/www/rycs/sp.runyinchuangshi.com/Application/Api/Model/ParamModel.class.php 第 152 行.
NOTIC: [8] Undefined variable: msg /media/jmx/Workspace/1workspace/php/www/rycs/sp.runyinchuangshi.com/Application/Api/Model/ParamModel.class.php 第 57 行.
NOTIC: [8] Undefined index: code /media/jmx/Workspace/1workspace/php/www/rycs/sp.runyinchuangshi.com/Application/Api/Model/MyDataModel.class.php 第 80 行.
SQL: SHOW COLUMNS FROM `shop_roles` [ RunTime:0.0008s ]
SQL: SELECT * FROM `shop_roles` WHERE `id` = 1 ORDER BY id desc LIMIT 1   [ RunTime:0.0003s ]
NOTIC: [8] Undefined variable: _code /media/jmx/Workspace/1workspace/php/www/rycs/sp.runyinchuangshi.com/Application/Api/Model/ParamModel.class.php 第 152 行.

[ 2018-06-13T10:08:35+08:00 ] 192.16.16.57 /Api/AdminApi/getAdminInfo?adminID=1&keys=abc123
INFO: [ app_begin ] --START--
INFO: Run Behavior\ReadHtmlCacheBehavior [ RunTime:0.005202s ]
INFO: [ app_begin ] --END-- [ RunTime:0.007592s ]
NOTIC: [8] Undefined index: is_page /media/jmx/Workspace/1workspace/php/www/rycs/sp.runyinchuangshi.com/Application/Api/Model/MyDataModel.class.php 第 28 行.
NOTIC: [8] Undefined index: orderType /media/jmx/Workspace/1workspace/php/www/rycs/sp.runyinchuangshi.com/Application/Api/Model/MyDataModel.class.php 第 36 行.
NOTIC: [8] Undefined index: startTime /media/jmx/Workspace/1workspace/php/www/rycs/sp.runyinchuangshi.com/Application/Api/Model/AdminModel.class.php 第 29 行.
NOTIC: [8] Undefined index: name /media/jmx/Workspace/1workspace/php/www/rycs/sp.runyinchuangshi.com/Application/Api/Model/AdminModel.class.php 第 35 行.
NOTIC: [8] Undefined index: id /media/jmx/Workspace/1workspace/php/www/rycs/sp.runyinchuangshi.com/Application/Api/Model/MyDataModel.class.php 第 74 行.
NOTIC: [8] Undefined variable: msg /media/jmx/Workspace/1workspace/php/www/rycs/sp.runyinchuangshi.com/Application/Api/Model/ParamModel.class.php 第 57 行.
NOTIC: [8] Undefined index: code /media/jmx/Workspace/1workspace/php/www/rycs/sp.runyinchuangshi.com/Application/Api/Model/MyDataModel.class.php 第 80 行.
SQL: SHOW COLUMNS FROM `shop_admin` [ RunTime:0.0008s ]
NOTIC: [8] Undefined index: id /media/jmx/Workspace/1workspace/php/www/rycs/sp.runyinchuangshi.com/Application/Api/Model/MyDataModel.class.php 第 87 行.
SQL: SELECT * FROM `shop_admin` ORDER BY id desc  [ RunTime:0.0002s ]
NOTIC: [8] Undefined variable: _code /media/jmx/Workspace/1workspace/php/www/rycs/sp.runyinchuangshi.com/Application/Api/Model/ParamModel.class.php 第 152 行.
NOTIC: [8] Undefined variable: msg /media/jmx/Workspace/1workspace/php/www/rycs/sp.runyinchuangshi.com/Application/Api/Model/ParamModel.class.php 第 57 行.
NOTIC: [8] Undefined index: code /media/jmx/Workspace/1workspace/php/www/rycs/sp.runyinchuangshi.com/Application/Api/Model/MyDataModel.class.php 第 80 行.
SQL: SHOW COLUMNS FROM `shop_roles` [ RunTime:0.0006s ]
SQL: SELECT * FROM `shop_roles` WHERE `id` = 1 ORDER BY id desc LIMIT 1   [ RunTime:0.0003s ]
NOTIC: [8] Undefined variable: _code /media/jmx/Workspace/1workspace/php/www/rycs/sp.runyinchuangshi.com/Application/Api/Model/ParamModel.class.php 第 152 行.

[ 2018-06-13T10:13:27+08:00 ] 192.16.16.57 /Api/AdminApi/getAdminInfo?adminID=1&keys=abc123
INFO: [ app_begin ] --START--
INFO: Run Behavior\ReadHtmlCacheBehavior [ RunTime:0.006398s ]
INFO: [ app_begin ] --END-- [ RunTime:0.009156s ]
NOTIC: [8] Undefined index: is_page /media/jmx/Workspace/1workspace/php/www/rycs/sp.runyinchuangshi.com/Application/Api/Model/MyDataModel.class.php 第 28 行.
NOTIC: [8] Undefined index: orderType /media/jmx/Workspace/1workspace/php/www/rycs/sp.runyinchuangshi.com/Application/Api/Model/MyDataModel.class.php 第 36 行.
NOTIC: [8] Undefined index: startTime /media/jmx/Workspace/1workspace/php/www/rycs/sp.runyinchuangshi.com/Application/Api/Model/AdminModel.class.php 第 29 行.
NOTIC: [8] Undefined index: name /media/jmx/Workspace/1workspace/php/www/rycs/sp.runyinchuangshi.com/Application/Api/Model/AdminModel.class.php 第 35 行.
NOTIC: [8] Undefined index: id /media/jmx/Workspace/1workspace/php/www/rycs/sp.runyinchuangshi.com/Application/Api/Model/MyDataModel.class.php 第 74 行.
NOTIC: [8] Undefined variable: msg /media/jmx/Workspace/1workspace/php/www/rycs/sp.runyinchuangshi.com/Application/Api/Model/ParamModel.class.php 第 57 行.
NOTIC: [8] Undefined index: code /media/jmx/Workspace/1workspace/php/www/rycs/sp.runyinchuangshi.com/Application/Api/Model/MyDataModel.class.php 第 80 行.
SQL: SHOW COLUMNS FROM `shop_admin` [ RunTime:0.0011s ]
NOTIC: [8] Undefined index: id /media/jmx/Workspace/1workspace/php/www/rycs/sp.runyinchuangshi.com/Application/Api/Model/MyDataModel.class.php 第 87 行.
SQL: SELECT * FROM `shop_admin` ORDER BY id desc  [ RunTime:0.0003s ]
NOTIC: [8] Undefined variable: _code /media/jmx/Workspace/1workspace/php/www/rycs/sp.runyinchuangshi.com/Application/Api/Model/ParamModel.class.php 第 152 行.
NOTIC: [8] Undefined variable: msg /media/jmx/Workspace/1workspace/php/www/rycs/sp.runyinchuangshi.com/Application/Api/Model/ParamModel.class.php 第 57 行.
NOTIC: [8] Undefined index: code /media/jmx/Workspace/1workspace/php/www/rycs/sp.runyinchuangshi.com/Application/Api/Model/MyDataModel.class.php 第 80 行.
SQL: SHOW COLUMNS FROM `shop_roles` [ RunTime:0.0009s ]
SQL: SELECT * FROM `shop_roles` WHERE `id` = 1 ORDER BY id desc LIMIT 1   [ RunTime:0.0004s ]
NOTIC: [8] Undefined variable: _code /media/jmx/Workspace/1workspace/php/www/rycs/sp.runyinchuangshi.com/Application/Api/Model/ParamModel.class.php 第 152 行.

[ 2018-06-13T10:33:01+08:00 ] 192.16.16.57 /Api/AdminApi/getAdminInfo?adminID=1&keys=abc123
INFO: [ app_begin ] --START--
INFO: Run Behavior\ReadHtmlCacheBehavior [ RunTime:0.007729s ]
INFO: [ app_begin ] --END-- [ RunTime:0.010361s ]
NOTIC: [8] Undefined index: is_page /media/jmx/Workspace/1workspace/php/www/rycs/sp.runyinchuangshi.com/Application/Api/Model/MyDataModel.class.php 第 28 行.
NOTIC: [8] Undefined index: orderType /media/jmx/Workspace/1workspace/php/www/rycs/sp.runyinchuangshi.com/Application/Api/Model/MyDataModel.class.php 第 36 行.
NOTIC: [8] Undefined index: startTime /media/jmx/Workspace/1workspace/php/www/rycs/sp.runyinchuangshi.com/Application/Api/Model/AdminModel.class.php 第 29 行.
NOTIC: [8] Undefined index: name /media/jmx/Workspace/1workspace/php/www/rycs/sp.runyinchuangshi.com/Application/Api/Model/AdminModel.class.php 第 35 行.
NOTIC: [8] Undefined index: id /media/jmx/Workspace/1workspace/php/www/rycs/sp.runyinchuangshi.com/Application/Api/Model/MyDataModel.class.php 第 74 行.
NOTIC: [8] Undefined variable: msg /media/jmx/Workspace/1workspace/php/www/rycs/sp.runyinchuangshi.com/Application/Api/Model/ParamModel.class.php 第 57 行.
NOTIC: [8] Undefined index: code /media/jmx/Workspace/1workspace/php/www/rycs/sp.runyinchuangshi.com/Application/Api/Model/MyDataModel.class.php 第 80 行.
SQL: SHOW COLUMNS FROM `shop_admin` [ RunTime:0.0009s ]
NOTIC: [8] Undefined index: id /media/jmx/Workspace/1workspace/php/www/rycs/sp.runyinchuangshi.com/Application/Api/Model/MyDataModel.class.php 第 87 行.
SQL: SELECT * FROM `shop_admin` ORDER BY id desc  [ RunTime:0.0002s ]
NOTIC: [8] Undefined variable: _code /media/jmx/Workspace/1workspace/php/www/rycs/sp.runyinchuangshi.com/Application/Api/Model/ParamModel.class.php 第 152 行.
NOTIC: [8] Undefined variable: msg /media/jmx/Workspace/1workspace/php/www/rycs/sp.runyinchuangshi.com/Application/Api/Model/ParamModel.class.php 第 57 行.
NOTIC: [8] Undefined index: code /media/jmx/Workspace/1workspace/php/www/rycs/sp.runyinchuangshi.com/Application/Api/Model/MyDataModel.class.php 第 80 行.
SQL: SHOW COLUMNS FROM `shop_roles` [ RunTime:0.0006s ]
SQL: SELECT * FROM `shop_roles` WHERE `id` = 1 ORDER BY id desc LIMIT 1   [ RunTime:0.0002s ]
NOTIC: [8] Undefined variable: _code /media/jmx/Workspace/1workspace/php/www/rycs/sp.runyinchuangshi.com/Application/Api/Model/ParamModel.class.php 第 152 行.

