[ 2018-06-12T20:45:12+08:00 ] 127.0.0.1 /admin/[object%20Object]
INFO: [ app_begin ] --START--
INFO: Run Behavior\ReadHtmlCacheBehavior [ RunTime:0.007479s ]
INFO: [ app_begin ] --END-- [ RunTime:0.010910s ]
INFO: [ view_parse ] --START--
INFO: [ template_filter ] --START--
INFO: Run Behavior\ContentReplaceBehavior [ RunTime:0.000083s ]
INFO: [ template_filter ] --END-- [ RunTime:0.000156s ]
INFO: Run Behavior\ParseTemplateBehavior [ RunTime:0.054520s ]
INFO: [ view_parse ] --END-- [ RunTime:0.054573s ]
INFO: [ view_filter ] --START--
INFO: Run Behavior\WriteHtmlCacheBehavior [ RunTime:0.008306s ]
INFO: [ view_filter ] --END-- [ RunTime:0.008365s ]
INFO: [ app_end ] --START--
INFO: Run Behavior\ShowPageTraceBehavior [ RunTime:0.006329s ]
INFO: [ app_end ] --END-- [ RunTime:0.006397s ]

[ 2018-06-12T20:45:36+08:00 ] 127.0.0.1 /admin/[object%20Object]
INFO: [ app_begin ] --START--
INFO: Run Behavior\ReadHtmlCacheBehavior [ RunTime:0.006192s ]
INFO: [ app_begin ] --END-- [ RunTime:0.008760s ]
INFO: [ view_parse ] --START--
INFO: [ template_filter ] --START--
INFO: Run Behavior\ContentReplaceBehavior [ RunTime:0.000052s ]
INFO: [ template_filter ] --END-- [ RunTime:0.000106s ]
INFO: Run Behavior\ParseTemplateBehavior [ RunTime:0.045283s ]
INFO: [ view_parse ] --END-- [ RunTime:0.045362s ]
INFO: [ view_filter ] --START--
INFO: Run Behavior\WriteHtmlCacheBehavior [ RunTime:0.008546s ]
INFO: [ view_filter ] --END-- [ RunTime:0.008590s ]
INFO: [ app_end ] --START--
INFO: Run Behavior\ShowPageTraceBehavior [ RunTime:0.008646s ]
INFO: [ app_end ] --END-- [ RunTime:0.008692s ]

[ 2018-06-12T20:45:42+08:00 ] 127.0.0.1 /admin/[object%20Object]
INFO: [ app_begin ] --START--
INFO: Run Behavior\ReadHtmlCacheBehavior [ RunTime:0.006868s ]
INFO: [ app_begin ] --END-- [ RunTime:0.011687s ]
INFO: [ view_parse ] --START--
INFO: [ template_filter ] --START--
INFO: Run Behavior\ContentReplaceBehavior [ RunTime:0.000054s ]
INFO: [ template_filter ] --END-- [ RunTime:0.000110s ]
INFO: Run Behavior\ParseTemplateBehavior [ RunTime:0.057621s ]
INFO: [ view_parse ] --END-- [ RunTime:0.057690s ]
INFO: [ view_filter ] --START--
INFO: Run Behavior\WriteHtmlCacheBehavior [ RunTime:0.009047s ]
INFO: [ view_filter ] --END-- [ RunTime:0.009116s ]
INFO: [ app_end ] --START--
INFO: Run Behavior\ShowPageTraceBehavior [ RunTime:0.007086s ]
INFO: [ app_end ] --END-- [ RunTime:0.007166s ]

[ 2018-06-12T20:46:01+08:00 ] 127.0.0.1 /admin/[object%20Object]
INFO: [ app_begin ] --START--
INFO: Run Behavior\ReadHtmlCacheBehavior [ RunTime:0.005317s ]
INFO: [ app_begin ] --END-- [ RunTime:0.007856s ]
INFO: [ view_parse ] --START--
INFO: [ template_filter ] --START--
INFO: Run Behavior\ContentReplaceBehavior [ RunTime:0.000063s ]
INFO: [ template_filter ] --END-- [ RunTime:0.000134s ]
INFO: Run Behavior\ParseTemplateBehavior [ RunTime:0.043073s ]
INFO: [ view_parse ] --END-- [ RunTime:0.043134s ]
INFO: [ view_filter ] --START--
INFO: Run Behavior\WriteHtmlCacheBehavior [ RunTime:0.004654s ]
INFO: [ view_filter ] --END-- [ RunTime:0.004708s ]
INFO: [ app_end ] --START--
INFO: Run Behavior\ShowPageTraceBehavior [ RunTime:0.005160s ]
INFO: [ app_end ] --END-- [ RunTime:0.005209s ]

[ 2018-06-12T20:46:23+08:00 ] 127.0.0.1 /admin/[object%20Object]
INFO: [ app_begin ] --START--
INFO: Run Behavior\ReadHtmlCacheBehavior [ RunTime:0.007471s ]
INFO: [ app_begin ] --END-- [ RunTime:0.010138s ]
INFO: [ view_parse ] --START--
INFO: [ template_filter ] --START--
INFO: Run Behavior\ContentReplaceBehavior [ RunTime:0.000063s ]
INFO: [ template_filter ] --END-- [ RunTime:0.000131s ]
INFO: Run Behavior\ParseTemplateBehavior [ RunTime:0.062398s ]
INFO: [ view_parse ] --END-- [ RunTime:0.062476s ]
INFO: [ view_filter ] --START--
INFO: Run Behavior\WriteHtmlCacheBehavior [ RunTime:0.009495s ]
INFO: [ view_filter ] --END-- [ RunTime:0.009562s ]
INFO: [ app_end ] --START--
INFO: Run Behavior\ShowPageTraceBehavior [ RunTime:0.007944s ]
INFO: [ app_end ] --END-- [ RunTime:0.008011s ]

